2024-10-22T16:02:38.176Z - info: Website generation (lazy) started at 12:02:24 am
2024-10-22T16:02:46.645Z - warn: ENOENT: no such file or directory, open 'D:\AkshayNarayan\Teaching\CS2113\_AY2425Sem1\ay2425s1-website\cache\gh-pages\https!github.com!nus-cs2113-AY2425S1!website.git\book\_markbind\variables.md'
2024-10-22T16:02:46.647Z - warn: ENOENT: no such file or directory, open 'D:\AkshayNarayan\Teaching\CS2113\_AY2425Sem1\ay2425s1-website\cache\gh-pages\https!github.com!nus-cs2113-AY2425S1!website.git\_markbind\variables.md'
2024-10-22T16:02:46.707Z - info: Building assets...
2024-10-22T16:03:33.622Z - info: Assets built
2024-10-22T16:03:33.625Z - info: Generating landing page...
2024-10-22T16:03:35.095Z - info: Landing page built, other pages will be built as you navigate to them!
2024-10-22T16:03:36.729Z - info: Site data built
2024-10-22T16:03:36.729Z - info: Website generation (lazy) complete! Total build time: 72.688s
2024-10-22T16:03:36.904Z - info: Serving "D:\AkshayNarayan\Teaching\CS2113\_AY2425Sem1\ay2425s1-website\_site" at http://127.0.0.1:8080
2024-10-22T16:03:36.905Z - info: Press CTRL+C to stop ...
2024-10-22T16:03:56.800Z - info: Building D:\AkshayNarayan\Teaching\CS2113\_AY2425Sem1\ay2425s1-website\schedule\week1\index as some of its dependencies were changed since the last visit
2024-10-22T16:03:57.177Z - info: Site data built
2024-10-22T16:03:57.177Z - info: Lazy website regeneration complete! Total build time: 0.38s
2024-10-22T16:05:50.744Z - info: [12:05:50 am] Reload for file change: D:\AkshayNarayan\Teaching\CS2113\_AY2425Sem1\ay2425s1-website\admin\common-notices-fragment.md
2024-10-22T16:05:50.746Z - info: Synchronizing opened pages list before reload
2024-10-22T16:05:50.746Z - info: Current opened pages, from most-to-least recent:
2024-10-22T16:05:50.747Z - info: 1. schedule/week1/index
2024-10-22T16:05:51.759Z - info: Rebuilding 1 pages
2024-10-22T16:05:52.260Z - info: Site data built
2024-10-22T16:05:52.261Z - info: Pages rebuilt
2024-10-22T16:05:52.261Z - info: Website regeneration complete! Total build time: 0.504s
2024-10-22T16:06:04.122Z - info: Building D:\AkshayNarayan\Teaching\CS2113\_AY2425Sem1\ay2425s1-website\schedule\week2\index as some of its dependencies were changed since the last visit
2024-10-22T16:06:04.950Z - info: Site data built
2024-10-22T16:06:04.951Z - info: Lazy website regeneration complete! Total build time: 0.829s
2024-10-22T16:09:25.277Z - info: Website generation started at 12:08:51 am
2024-10-22T16:09:31.008Z - info: Building assets...
2024-10-22T16:09:35.566Z - info: Assets built
2024-10-22T16:09:35.567Z - info: Generating pages...
2024-10-22T16:09:46.203Z - debug:  
2024-10-22T16:09:46.204Z - debug:  
2024-10-22T16:09:46.204Z - debug:  
2024-10-22T16:09:46.205Z - debug:  
2024-10-22T16:09:46.459Z - debug:  
2024-10-22T16:09:46.466Z - debug:  
2024-10-22T16:09:46.466Z - debug:  
2024-10-22T16:09:46.466Z - debug:  
2024-10-22T16:09:46.466Z - debug:  
2024-10-22T16:09:46.467Z - debug:  
2024-10-22T16:09:46.467Z - debug:  
2024-10-22T16:09:46.469Z - debug:  
2024-10-22T16:09:46.470Z - debug:  
2024-10-22T16:09:46.477Z - debug:  
2024-10-22T16:09:46.478Z - debug:  
2024-10-22T16:09:47.666Z - debug:  
2024-10-22T16:09:51.114Z - debug:  
2024-10-22T16:11:07.032Z - error: Invalid HTML in D:\AkshayNarayan\Teaching\CS2113\_AY2425Sem1\ay2425s1-website\schedule\week11\tutorial.md.
Table must have a tbody tag. Please correct this to avoid Vue hydration issues.

2024-10-22T16:11:40.996Z - error: Invalid HTML in D:\AkshayNarayan\Teaching\CS2113\_AY2425Sem1\ay2425s1-website\schedule\week11\project.md.
Table must have a tbody tag. Please correct this to avoid Vue hydration issues.

2024-10-22T16:12:37.847Z - debug:  
2024-10-22T16:12:56.573Z - error: Invalid HTML in D:\AkshayNarayan\Teaching\CS2113\_AY2425Sem1\ay2425s1-website\admin\tp-w11.md.
Table must have a tbody tag. Please correct this to avoid Vue hydration issues.

2024-10-22T16:12:58.439Z - debug:  
2024-10-22T16:12:58.444Z - debug:  
2024-10-22T16:13:12.102Z - info: Pages built
2024-10-22T16:13:13.877Z - info: Site data built
2024-10-22T16:13:13.877Z - info: Website generation complete! Total build time: 262.348s
2024-10-22T16:13:13.877Z - info: Build success!
2024-10-22T16:20:22.169Z - info: The website has been deployed at: https://nus-cs2113-ay2425s1.github.io/website
