2024-08-10T08:44:58.916Z - info: Website generation started at 4:44:58 pm
2024-08-10T08:45:04.674Z - info: Building assets...
2024-08-10T08:45:08.585Z - info: Assets built
2024-08-10T08:45:08.586Z - info: Generating pages...
2024-08-10T08:45:22.023Z - debug:  
2024-08-10T08:45:22.025Z - debug:  
2024-08-10T08:45:22.030Z - debug:  
2024-08-10T08:45:22.032Z - debug:  
2024-08-10T08:45:22.046Z - debug:  
2024-08-10T08:45:22.048Z - debug:  
2024-08-10T08:45:22.050Z - debug:  
2024-08-10T08:45:22.056Z - debug:  
2024-08-10T08:45:22.056Z - debug:  
2024-08-10T08:45:22.061Z - debug:  
2024-08-10T08:45:22.061Z - debug:  
2024-08-10T08:45:22.069Z - debug:  
2024-08-10T08:45:22.069Z - debug:  
2024-08-10T08:45:22.070Z - debug:  
2024-08-10T08:45:22.083Z - debug:  
2024-08-10T08:45:23.569Z - debug:  
2024-08-10T08:45:29.268Z - debug:  
2024-08-10T08:47:38.639Z - error: Invalid HTML in D:\AkshayNarayan\Teaching\CS2113\_AY2425Sem1\ay2425s1-website\schedule\week4\tutorial.md.
Table must have a tbody tag. Please correct this to avoid Vue hydration issues.

2024-08-10T08:47:38.642Z - error: Invalid HTML in D:\AkshayNarayan\Teaching\CS2113\_AY2425Sem1\ay2425s1-website\schedule\week4\tutorial.md.
Table must have a tbody tag. Please correct this to avoid Vue hydration issues.

2024-08-10T08:47:40.104Z - error: Invalid HTML in D:\AkshayNarayan\Teaching\CS2113\_AY2425Sem1\ay2425s1-website\schedule\week11\tutorial.md.
Table must have a tbody tag. Please correct this to avoid Vue hydration issues.

2024-08-10T08:48:17.985Z - error: Invalid HTML in D:\AkshayNarayan\Teaching\CS2113\_AY2425Sem1\ay2425s1-website\schedule\week4\project.md.
Table must have a tbody tag. Please correct this to avoid Vue hydration issues.

2024-08-10T08:48:17.986Z - error: Invalid HTML in D:\AkshayNarayan\Teaching\CS2113\_AY2425Sem1\ay2425s1-website\schedule\week4\project.md.
Table must have a tbody tag. Please correct this to avoid Vue hydration issues.

2024-08-10T08:48:27.544Z - error: Invalid HTML in D:\AkshayNarayan\Teaching\CS2113\_AY2425Sem1\ay2425s1-website\schedule\week11\project.md.
Table must have a tbody tag. Please correct this to avoid Vue hydration issues.

2024-08-10T08:48:50.385Z - debug:  
2024-08-10T08:49:07.743Z - error: Invalid HTML in D:\AkshayNarayan\Teaching\CS2113\_AY2425Sem1\ay2425s1-website\admin\tp-w11.md.
Table must have a tbody tag. Please correct this to avoid Vue hydration issues.

2024-08-10T08:49:11.035Z - debug:  
2024-08-10T08:49:11.089Z - debug:  
2024-08-10T08:49:20.648Z - error: Invalid HTML in D:\AkshayNarayan\Teaching\CS2113\_AY2425Sem1\ay2425s1-website\admin\ip-w4.md.
Table must have a tbody tag. Please correct this to avoid Vue hydration issues.

2024-08-10T08:49:20.649Z - error: Invalid HTML in D:\AkshayNarayan\Teaching\CS2113\_AY2425Sem1\ay2425s1-website\admin\ip-w4.md.
Table must have a tbody tag. Please correct this to avoid Vue hydration issues.

2024-08-10T08:49:23.186Z - info: Pages built
2024-08-10T08:49:24.908Z - info: Site data built
2024-08-10T08:49:24.909Z - info: Website generation complete! Total build time: 266.014s
2024-08-10T08:49:25.134Z - info: Serving "D:\AkshayNarayan\Teaching\CS2113\_AY2425Sem1\ay2425s1-website\_site" at http://127.0.0.1:8080
2024-08-10T08:49:25.134Z - info: Press CTRL+C to stop ...
2024-08-10T09:02:54.917Z - info: [5:02:54 pm] Reload for file change: D:\AkshayNarayan\Teaching\CS2113\_AY2425Sem1\ay2425s1-website\_markbind\variables.md
2024-08-10T09:02:56.116Z - warn: Rebuilding all pages as variables file was changed, or the --force-reload flag was set
2024-08-10T09:02:56.119Z - info: Rebuilding 781 pages
2024-08-10T09:04:22.641Z - error: Invalid HTML in D:\AkshayNarayan\Teaching\CS2113\_AY2425Sem1\ay2425s1-website\schedule\week4\tutorial.md.
Table must have a tbody tag. Please correct this to avoid Vue hydration issues.

2024-08-10T09:04:22.643Z - error: Invalid HTML in D:\AkshayNarayan\Teaching\CS2113\_AY2425Sem1\ay2425s1-website\schedule\week4\tutorial.md.
Table must have a tbody tag. Please correct this to avoid Vue hydration issues.

2024-08-10T09:04:23.144Z - error: Invalid HTML in D:\AkshayNarayan\Teaching\CS2113\_AY2425Sem1\ay2425s1-website\schedule\week11\tutorial.md.
Table must have a tbody tag. Please correct this to avoid Vue hydration issues.

2024-08-10T09:04:45.368Z - error: Invalid HTML in D:\AkshayNarayan\Teaching\CS2113\_AY2425Sem1\ay2425s1-website\schedule\week4\project.md.
Table must have a tbody tag. Please correct this to avoid Vue hydration issues.

2024-08-10T09:04:45.369Z - error: Invalid HTML in D:\AkshayNarayan\Teaching\CS2113\_AY2425Sem1\ay2425s1-website\schedule\week4\project.md.
Table must have a tbody tag. Please correct this to avoid Vue hydration issues.

2024-08-10T09:04:49.856Z - error: Invalid HTML in D:\AkshayNarayan\Teaching\CS2113\_AY2425Sem1\ay2425s1-website\schedule\week11\project.md.
Table must have a tbody tag. Please correct this to avoid Vue hydration issues.

2024-08-10T09:05:12.155Z - error: Invalid HTML in D:\AkshayNarayan\Teaching\CS2113\_AY2425Sem1\ay2425s1-website\admin\tp-w11.md.
Table must have a tbody tag. Please correct this to avoid Vue hydration issues.

2024-08-10T09:05:17.270Z - error: Invalid HTML in D:\AkshayNarayan\Teaching\CS2113\_AY2425Sem1\ay2425s1-website\admin\ip-w4.md.
Table must have a tbody tag. Please correct this to avoid Vue hydration issues.

2024-08-10T09:05:17.271Z - error: Invalid HTML in D:\AkshayNarayan\Teaching\CS2113\_AY2425Sem1\ay2425s1-website\admin\ip-w4.md.
Table must have a tbody tag. Please correct this to avoid Vue hydration issues.

2024-08-10T09:05:19.027Z - info: Site data built
2024-08-10T09:05:19.028Z - info: Pages rebuilt
2024-08-10T09:05:19.028Z - info: Website regeneration complete! Total build time: 143.107s
2024-08-10T09:07:40.474Z - info: Website generation (lazy) started at 5:07:30 pm
2024-08-10T09:07:44.960Z - info: Building assets...
2024-08-10T09:07:48.621Z - info: Assets built
2024-08-10T09:07:48.622Z - info: Generating landing page...
2024-08-10T09:07:49.172Z - info: Landing page built, other pages will be built as you navigate to them!
2024-08-10T09:07:50.499Z - info: Site data built
2024-08-10T09:07:50.499Z - info: Website generation (lazy) complete! Total build time: 20.086s
2024-08-10T09:07:50.545Z - info: Serving "D:\AkshayNarayan\Teaching\CS2113\_AY2425Sem1\ay2425s1-website\_site" at http://127.0.0.1:8080
2024-08-10T09:07:50.545Z - info: Press CTRL+C to stop ...
2024-08-10T09:11:28.899Z - info: Building D:\AkshayNarayan\Teaching\CS2113\_AY2425Sem1\ay2425s1-website\admin\usingThisWebsite as some of its dependencies were changed since the last visit
2024-08-10T09:11:29.623Z - info: Site data built
2024-08-10T09:11:29.624Z - info: Lazy website regeneration complete! Total build time: 0.728s
2024-08-10T09:11:42.901Z - info: Building D:\AkshayNarayan\Teaching\CS2113\_AY2425Sem1\ay2425s1-website\admin\courseExpectations as some of its dependencies were changed since the last visit
2024-08-10T09:11:43.095Z - info: Site data built
2024-08-10T09:11:43.095Z - info: Lazy website regeneration complete! Total build time: 0.195s
2024-08-10T09:12:02.002Z - info: Building D:\AkshayNarayan\Teaching\CS2113\_AY2425Sem1\ay2425s1-website\admin\weeklySchedule as some of its dependencies were changed since the last visit
2024-08-10T09:12:02.200Z - info: Site data built
2024-08-10T09:12:02.201Z - info: Lazy website regeneration complete! Total build time: 0.2s
2024-08-10T09:13:03.432Z - info: Building D:\AkshayNarayan\Teaching\CS2113\_AY2425Sem1\ay2425s1-website\admin\lectures as some of its dependencies were changed since the last visit
2024-08-10T09:13:03.683Z - info: Site data built
2024-08-10T09:13:03.683Z - info: Lazy website regeneration complete! Total build time: 0.252s
2024-08-10T09:13:20.637Z - info: Building D:\AkshayNarayan\Teaching\CS2113\_AY2425Sem1\ay2425s1-website\se-book-adapted\index as some of its dependencies were changed since the last visit
2024-08-10T09:13:20.893Z - info: Site data built
2024-08-10T09:13:20.893Z - info: Lazy website regeneration complete! Total build time: 0.256s
2024-08-10T09:13:41.509Z - info: Building D:\AkshayNarayan\Teaching\CS2113\_AY2425Sem1\ay2425s1-website\admin\tutorials as some of its dependencies were changed since the last visit
2024-08-10T09:13:41.899Z - info: Site data built
2024-08-10T09:13:41.899Z - info: Lazy website regeneration complete! Total build time: 0.391s
2024-08-10T09:16:12.965Z - info: [5:16:12 pm] Reload for file change: D:\AkshayNarayan\Teaching\CS2113\_AY2425Sem1\ay2425s1-website\_course-CS2113\timetables-fragment.md
2024-08-10T09:16:12.966Z - info: Synchronizing opened pages list before reload
2024-08-10T09:16:12.967Z - info: Current opened pages, from most-to-least recent:
2024-08-10T09:16:12.967Z - info: 1. admin/tutorials
2024-08-10T09:16:13.972Z - info: Rebuilding 1 pages
2024-08-10T09:16:14.369Z - info: Site data built
2024-08-10T09:16:14.370Z - info: Pages rebuilt
2024-08-10T09:16:14.370Z - info: Website regeneration complete! Total build time: 0.4s
2024-08-10T09:16:27.387Z - info: [5:16:27 pm] Reload for file change: D:\AkshayNarayan\Teaching\CS2113\_AY2425Sem1\ay2425s1-website\_course-CS2113\timetables-fragment.md
2024-08-10T09:16:27.388Z - info: Synchronizing opened pages list before reload
2024-08-10T09:16:27.388Z - info: Current opened pages, from most-to-least recent:
2024-08-10T09:16:27.389Z - info: 1. admin/tutorials
2024-08-10T09:16:28.391Z - info: Rebuilding 1 pages
2024-08-10T09:16:28.839Z - info: Site data built
2024-08-10T09:16:28.840Z - info: Pages rebuilt
2024-08-10T09:16:28.840Z - info: Website regeneration complete! Total build time: 0.45s
2024-08-10T09:19:54.452Z - info: [5:19:54 pm] Reload for file change: D:\AkshayNarayan\Teaching\CS2113\_AY2425Sem1\ay2425s1-website\admin\tutorials.md
2024-08-10T09:19:54.452Z - info: Synchronizing opened pages list before reload
2024-08-10T09:19:54.452Z - info: Current opened pages, from most-to-least recent:
2024-08-10T09:19:54.453Z - info: 1. admin/tutorials
2024-08-10T09:19:55.468Z - info: Rebuilding 1 pages
2024-08-10T09:19:55.824Z - info: Site data built
2024-08-10T09:19:55.824Z - info: Pages rebuilt
2024-08-10T09:19:55.824Z - info: Website regeneration complete! Total build time: 0.357s
2024-08-10T09:20:11.742Z - info: [5:20:11 pm] Reload for file change: D:\AkshayNarayan\Teaching\CS2113\_AY2425Sem1\ay2425s1-website\admin\tutorials.md
2024-08-10T09:20:11.743Z - info: Synchronizing opened pages list before reload
2024-08-10T09:20:11.743Z - info: Current opened pages, from most-to-least recent:
2024-08-10T09:20:11.744Z - info: 1. admin/tutorials
2024-08-10T09:20:12.764Z - info: Rebuilding 1 pages
2024-08-10T09:20:13.156Z - info: Site data built
2024-08-10T09:20:13.157Z - info: Pages rebuilt
2024-08-10T09:20:13.157Z - info: Website regeneration complete! Total build time: 0.394s
2024-08-10T09:20:28.832Z - info: [5:20:28 pm] Reload for file change: D:\AkshayNarayan\Teaching\CS2113\_AY2425Sem1\ay2425s1-website\admin\tutorials.md
2024-08-10T09:20:28.832Z - info: Synchronizing opened pages list before reload
2024-08-10T09:20:28.833Z - info: Current opened pages, from most-to-least recent:
2024-08-10T09:20:28.833Z - info: 1. admin/tutorials
2024-08-10T09:20:29.848Z - info: Rebuilding 1 pages
2024-08-10T09:20:30.157Z - info: Site data built
2024-08-10T09:20:30.157Z - info: Pages rebuilt
2024-08-10T09:20:30.157Z - info: Website regeneration complete! Total build time: 0.31s
2024-08-10T09:21:39.750Z - info: Building D:\AkshayNarayan\Teaching\CS2113\_AY2425Sem1\ay2425s1-website\schedule\index as some of its dependencies were changed since the last visit
2024-08-10T09:21:40.214Z - info: Site data built
2024-08-10T09:21:40.215Z - info: Lazy website regeneration complete! Total build time: 0.464s
2024-08-10T09:22:32.145Z - info: Building D:\AkshayNarayan\Teaching\CS2113\_AY2425Sem1\ay2425s1-website\admin\instructors as some of its dependencies were changed since the last visit
2024-08-10T09:22:32.302Z - info: Site data built
2024-08-10T09:22:32.302Z - info: Lazy website regeneration complete! Total build time: 0.158s
2024-08-10T09:31:28.587Z - info: [5:31:28 pm] Reload for file change: D:\AkshayNarayan\Teaching\CS2113\_AY2425Sem1\ay2425s1-website\_markbind\variables.md
2024-08-10T09:31:28.587Z - info: Synchronizing opened pages list before reload
2024-08-10T09:31:28.588Z - info: Current opened pages, from most-to-least recent:
2024-08-10T09:31:28.588Z - info: 1. admin/instructors
2024-08-10T09:31:29.665Z - warn: Rebuilding all pages as variables file was changed, or the --force-reload flag was set
2024-08-10T09:31:29.669Z - info: Rebuilding 1 pages
2024-08-10T09:31:30.200Z - info: Site data built
2024-08-10T09:31:30.200Z - info: Pages rebuilt
2024-08-10T09:31:30.200Z - info: Website regeneration complete! Total build time: 0.585s
2024-08-10T09:32:55.689Z - info: [5:32:55 pm] Reload for file change: D:\AkshayNarayan\Teaching\CS2113\_AY2425Sem1\ay2425s1-website\_markbind\variables.md
2024-08-10T09:32:55.690Z - info: Synchronizing opened pages list before reload
2024-08-10T09:32:55.690Z - info: Current opened pages, from most-to-least recent:
2024-08-10T09:32:55.691Z - info: 1. admin/instructors
2024-08-10T09:32:56.760Z - warn: Rebuilding all pages as variables file was changed, or the --force-reload flag was set
2024-08-10T09:32:56.764Z - info: Rebuilding 1 pages
2024-08-10T09:32:56.971Z - info: Site data built
2024-08-10T09:32:56.972Z - info: Pages rebuilt
2024-08-10T09:32:56.972Z - info: Website regeneration complete! Total build time: 0.277s
2024-08-10T09:37:09.243Z - info: [5:37:09 pm] Reload for file change: D:\AkshayNarayan\Teaching\CS2113\_AY2425Sem1\ay2425s1-website\_markbind\variables.md
2024-08-10T09:37:09.243Z - info: Synchronizing opened pages list before reload
2024-08-10T09:37:09.243Z - info: Current opened pages, from most-to-least recent:
2024-08-10T09:37:09.243Z - info: 1. admin/instructors
2024-08-10T09:37:10.288Z - warn: Rebuilding all pages as variables file was changed, or the --force-reload flag was set
2024-08-10T09:37:10.291Z - info: Rebuilding 1 pages
2024-08-10T09:37:10.451Z - info: Site data built
2024-08-10T09:37:10.451Z - info: Pages rebuilt
2024-08-10T09:37:10.451Z - info: Website regeneration complete! Total build time: 0.194s
2024-08-10T09:59:27.856Z - info: [5:59:27 pm] Reload for file change: D:\AkshayNarayan\Teaching\CS2113\_AY2425Sem1\ay2425s1-website\_markbind\variables.md
2024-08-10T09:59:27.856Z - info: Synchronizing opened pages list before reload
2024-08-10T09:59:27.857Z - info: Current opened pages, from most-to-least recent:
2024-08-10T09:59:27.857Z - info: 1. admin/instructors
2024-08-10T09:59:28.903Z - warn: Rebuilding all pages as variables file was changed, or the --force-reload flag was set
2024-08-10T09:59:28.906Z - info: Rebuilding 1 pages
2024-08-10T09:59:29.038Z - info: Site data built
2024-08-10T09:59:29.038Z - info: Pages rebuilt
2024-08-10T09:59:29.038Z - info: Website regeneration complete! Total build time: 0.168s
2024-08-10T10:00:22.885Z - info: Website generation started at 6:00:18 pm
2024-08-10T10:00:28.185Z - info: Building assets...
