2024-08-31T14:31:42.526Z - info: Website generation started at 10:31:10 pm
2024-08-31T14:31:52.360Z - info: Building assets...
2024-08-31T14:31:58.281Z - info: Assets built
2024-08-31T14:31:58.283Z - info: Generating pages...
2024-08-31T14:32:17.054Z - debug:  
2024-08-31T14:32:17.055Z - debug:  
2024-08-31T14:32:17.059Z - debug:  
2024-08-31T14:32:17.060Z - debug:  
2024-08-31T14:32:17.061Z - debug:  
2024-08-31T14:32:17.063Z - debug:  
2024-08-31T14:32:17.065Z - debug:  
2024-08-31T14:32:17.066Z - debug:  
2024-08-31T14:32:17.069Z - debug:  
2024-08-31T14:32:17.070Z - debug:  
2024-08-31T14:32:17.071Z - debug:  
2024-08-31T14:32:17.071Z - debug:  
2024-08-31T14:32:17.076Z - debug:  
2024-08-31T14:32:17.076Z - debug:  
2024-08-31T14:32:17.077Z - debug:  
2024-08-31T14:32:19.885Z - debug:  
2024-08-31T14:32:24.780Z - debug:  
2024-08-31T14:34:23.403Z - error: Invalid HTML in D:\AkshayNarayan\Teaching\CS2113\_AY2425Sem1\ay2425s1-website\schedule\week4\tutorial.md.
Table must have a tbody tag. Please correct this to avoid Vue hydration issues.

2024-08-31T14:34:23.406Z - error: Invalid HTML in D:\AkshayNarayan\Teaching\CS2113\_AY2425Sem1\ay2425s1-website\schedule\week4\tutorial.md.
Table must have a tbody tag. Please correct this to avoid Vue hydration issues.

2024-08-31T14:34:24.666Z - error: Invalid HTML in D:\AkshayNarayan\Teaching\CS2113\_AY2425Sem1\ay2425s1-website\schedule\week11\tutorial.md.
Table must have a tbody tag. Please correct this to avoid Vue hydration issues.

2024-08-31T14:34:57.313Z - error: Invalid HTML in D:\AkshayNarayan\Teaching\CS2113\_AY2425Sem1\ay2425s1-website\schedule\week4\project.md.
Table must have a tbody tag. Please correct this to avoid Vue hydration issues.

2024-08-31T14:34:57.315Z - error: Invalid HTML in D:\AkshayNarayan\Teaching\CS2113\_AY2425Sem1\ay2425s1-website\schedule\week4\project.md.
Table must have a tbody tag. Please correct this to avoid Vue hydration issues.

2024-08-31T14:35:05.912Z - error: Invalid HTML in D:\AkshayNarayan\Teaching\CS2113\_AY2425Sem1\ay2425s1-website\schedule\week11\project.md.
Table must have a tbody tag. Please correct this to avoid Vue hydration issues.

2024-08-31T14:35:26.967Z - debug:  
2024-08-31T14:35:43.920Z - error: Invalid HTML in D:\AkshayNarayan\Teaching\CS2113\_AY2425Sem1\ay2425s1-website\admin\tp-w11.md.
Table must have a tbody tag. Please correct this to avoid Vue hydration issues.

2024-08-31T14:35:45.364Z - debug:  
2024-08-31T14:35:45.381Z - debug:  
2024-08-31T14:35:54.877Z - error: Invalid HTML in D:\AkshayNarayan\Teaching\CS2113\_AY2425Sem1\ay2425s1-website\admin\ip-w4.md.
Table must have a tbody tag. Please correct this to avoid Vue hydration issues.

2024-08-31T14:35:54.878Z - error: Invalid HTML in D:\AkshayNarayan\Teaching\CS2113\_AY2425Sem1\ay2425s1-website\admin\ip-w4.md.
Table must have a tbody tag. Please correct this to avoid Vue hydration issues.

2024-08-31T14:35:57.451Z - info: Pages built
2024-08-31T14:35:59.252Z - info: Site data built
2024-08-31T14:35:59.253Z - info: Website generation complete! Total build time: 288.804s
2024-08-31T14:35:59.253Z - info: Build success!
2024-08-31T14:38:53.957Z - info: The website has been deployed at: https://nus-cs2113-ay2425s1.github.io/website
