2024-07-28T16:00:10.640Z - info: [12:00:10 am] Reload for file change: C:\repos\nus-cs2103\cs2103-website-base\book\gitAndGithub\branch\cli_1.md
2024-07-28T16:00:10.653Z - info: Synchronizing opened pages list before reload
2024-07-28T16:00:10.653Z - info: Current opened pages, from most-to-least recent:
2024-07-28T16:00:10.654Z - info: 1. se-book-adapted/chapters/gitAndGithub
2024-07-28T16:00:11.665Z - info: Rebuilding 1 pages
2024-07-28T16:00:12.860Z - info: Site data built
2024-07-28T16:00:12.860Z - info: Pages rebuilt
2024-07-28T16:00:12.861Z - info: Website regeneration complete! Total build time: 1.198s
2024-07-28T16:06:17.069Z - info: [12:06:17 am] Reload for file change: C:\repos\nus-cs2103\cs2103-website-base\book\gitAndGithub\branch\sourcetree_2.md
2024-07-28T16:06:17.070Z - info: Synchronizing opened pages list before reload
2024-07-28T16:06:17.071Z - info: Current opened pages, from most-to-least recent:
2024-07-28T16:06:17.071Z - info: 1. se-book-adapted/chapters/gitAndGithub
2024-07-28T16:06:18.086Z - info: Rebuilding 1 pages
2024-07-28T16:06:19.094Z - info: Site data built
2024-07-28T16:06:19.094Z - info: Pages rebuilt
2024-07-28T16:06:19.094Z - info: Website regeneration complete! Total build time: 1.009s
2024-07-28T16:07:37.410Z - info: [12:07:37 am] Reload for file change: C:\repos\nus-cs2103\cs2103-website-base\book\gitAndGithub\branch\sourcetree_2.md
2024-07-28T16:07:37.411Z - info: Synchronizing opened pages list before reload
2024-07-28T16:07:37.411Z - info: Current opened pages, from most-to-least recent:
2024-07-28T16:07:37.411Z - info: 1. se-book-adapted/chapters/gitAndGithub
2024-07-28T16:07:38.420Z - info: Rebuilding 1 pages
2024-07-28T16:07:39.497Z - info: Site data built
2024-07-28T16:07:39.498Z - info: Pages rebuilt
2024-07-28T16:07:39.498Z - info: Website regeneration complete! Total build time: 1.081s
2024-07-28T16:07:55.800Z - info: [12:07:55 am] Reload for file change: C:\repos\nus-cs2103\cs2103-website-base\book\gitAndGithub\branch\sourcetree_2.md
2024-07-28T16:07:55.800Z - info: Synchronizing opened pages list before reload
2024-07-28T16:07:55.801Z - info: Current opened pages, from most-to-least recent:
2024-07-28T16:07:55.801Z - info: 1. se-book-adapted/chapters/gitAndGithub
2024-07-28T16:07:56.818Z - info: Rebuilding 1 pages
2024-07-28T16:07:57.739Z - info: Site data built
2024-07-28T16:07:57.740Z - info: Pages rebuilt
2024-07-28T16:07:57.740Z - info: Website regeneration complete! Total build time: 0.923s
2024-07-28T16:09:40.049Z - info: [12:09:40 am] Reload for file change: C:\repos\nus-cs2103\cs2103-website-base\book\gitAndGithub\branch\sourcetree_2.md
2024-07-28T16:09:40.050Z - info: Synchronizing opened pages list before reload
2024-07-28T16:09:40.050Z - info: Current opened pages, from most-to-least recent:
2024-07-28T16:09:40.051Z - info: 1. se-book-adapted/chapters/gitAndGithub
2024-07-28T16:09:41.059Z - info: Rebuilding 1 pages
2024-07-28T16:09:42.362Z - info: Site data built
2024-07-28T16:09:42.362Z - info: Pages rebuilt
2024-07-28T16:09:42.362Z - info: Website regeneration complete! Total build time: 1.304s
2024-07-28T16:10:56.315Z - info: [12:10:56 am] Reload for file change: C:\repos\nus-cs2103\cs2103-website-base\book\gitAndGithub\branch\sourcetree_2.md
2024-07-28T16:10:56.316Z - info: Synchronizing opened pages list before reload
2024-07-28T16:10:56.316Z - info: Current opened pages, from most-to-least recent:
2024-07-28T16:10:56.317Z - info: 1. se-book-adapted/chapters/gitAndGithub
2024-07-28T16:10:57.335Z - info: Rebuilding 1 pages
2024-07-28T16:10:58.278Z - info: Site data built
2024-07-28T16:10:58.279Z - info: Pages rebuilt
2024-07-28T16:10:58.279Z - info: Website regeneration complete! Total build time: 0.945s
2024-07-28T16:14:18.628Z - info: [12:14:18 am] Reload for file change: C:\repos\nus-cs2103\cs2103-website-base\book\gitAndGithub\branch\sourcetree_2.md
2024-07-28T16:14:18.629Z - info: Synchronizing opened pages list before reload
2024-07-28T16:14:18.629Z - info: Current opened pages, from most-to-least recent:
2024-07-28T16:14:18.630Z - info: 1. se-book-adapted/chapters/gitAndGithub
2024-07-28T16:14:19.641Z - info: Rebuilding 1 pages
2024-07-28T16:14:20.704Z - info: Site data built
2024-07-28T16:14:20.704Z - info: Pages rebuilt
2024-07-28T16:14:20.704Z - info: Website regeneration complete! Total build time: 1.064s
2024-07-28T16:15:11.736Z - info: [12:15:11 am] Reload for file change: C:\repos\nus-cs2103\cs2103-website-base\book\gitAndGithub\branch\sourcetree_2.md
2024-07-28T16:15:11.736Z - info: Synchronizing opened pages list before reload
2024-07-28T16:15:11.736Z - info: Current opened pages, from most-to-least recent:
2024-07-28T16:15:11.737Z - info: 1. se-book-adapted/chapters/gitAndGithub
2024-07-28T16:15:12.745Z - info: Rebuilding 1 pages
2024-07-28T16:15:13.698Z - info: Site data built
2024-07-28T16:15:13.699Z - info: Pages rebuilt
2024-07-28T16:15:13.699Z - info: Website regeneration complete! Total build time: 0.954s
2024-07-28T16:20:15.297Z - info: [12:20:15 am] Reload for file change: C:\repos\nus-cs2103\cs2103-website-base\book\gitAndGithub\branch\sourcetree_2.md
2024-07-28T16:20:15.297Z - info: Synchronizing opened pages list before reload
2024-07-28T16:20:15.299Z - info: Current opened pages, from most-to-least recent:
2024-07-28T16:20:15.300Z - info: 1. se-book-adapted/chapters/gitAndGithub
2024-07-28T16:20:16.307Z - info: Rebuilding 1 pages
2024-07-28T16:20:17.491Z - info: Site data built
2024-07-28T16:20:17.491Z - info: Pages rebuilt
2024-07-28T16:20:17.492Z - info: Website regeneration complete! Total build time: 1.185s
2024-07-28T16:21:41.336Z - info: [12:21:41 am] Reload for file change: C:\repos\nus-cs2103\cs2103-website-base\book\gitAndGithub\pull\sourcetree_1.md
2024-07-28T16:21:41.336Z - info: Synchronizing opened pages list before reload
2024-07-28T16:21:41.337Z - info: Current opened pages, from most-to-least recent:
2024-07-28T16:21:41.337Z - info: 1. se-book-adapted/chapters/gitAndGithub
2024-07-28T16:21:42.352Z - info: Rebuilding 1 pages
2024-07-28T16:21:43.282Z - info: Site data built
2024-07-28T16:21:43.283Z - info: Pages rebuilt
2024-07-28T16:21:43.283Z - info: Website regeneration complete! Total build time: 0.932s
2024-07-28T16:22:02.513Z - info: [12:22:02 am] Reload for file change: C:\repos\nus-cs2103\cs2103-website-base\book\gitAndGithub\pull\sourcetree_1.md
2024-07-28T16:22:02.514Z - info: Synchronizing opened pages list before reload
2024-07-28T16:22:02.514Z - info: Current opened pages, from most-to-least recent:
2024-07-28T16:22:02.515Z - info: 1. se-book-adapted/chapters/gitAndGithub
2024-07-28T16:22:03.524Z - info: Rebuilding 1 pages
2024-07-28T16:22:04.564Z - info: Site data built
2024-07-28T16:22:04.565Z - info: Pages rebuilt
2024-07-28T16:22:04.565Z - info: Website regeneration complete! Total build time: 1.042s
2024-07-28T16:25:09.877Z - info: Building C:\repos\nus-cs2103\cs2103-website-base\se-book-adapted\chapters\revisionControl as some of its dependencies were changed since the last visit
2024-07-28T16:25:10.322Z - info: Site data built
2024-07-28T16:25:10.322Z - info: Lazy website regeneration complete! Total build time: 0.445s
2024-07-28T16:28:55.275Z - info: [12:28:55 am] Reload for file change: C:\repos\nus-cs2103\cs2103-website-base\book\revisionControl\drcsVsCrcs\text.md
2024-07-28T16:28:55.275Z - info: Synchronizing opened pages list before reload
2024-07-28T16:28:55.276Z - info: Current opened pages, from most-to-least recent:
2024-07-28T16:28:55.276Z - info: 1. se-book-adapted/chapters/revisionControl
2024-07-28T16:28:56.285Z - info: Rebuilding 1 pages
2024-07-28T16:28:56.762Z - info: Site data built
2024-07-28T16:28:56.763Z - info: Pages rebuilt
2024-07-28T16:28:56.763Z - info: Website regeneration complete! Total build time: 0.479s
2024-07-28T16:29:07.507Z - info: [12:29:07 am] Reload for file change: C:\repos\nus-cs2103\cs2103-website-base\book\revisionControl\drcsVsCrcs\text.md
2024-07-28T16:29:07.508Z - info: Synchronizing opened pages list before reload
2024-07-28T16:29:07.508Z - info: Current opened pages, from most-to-least recent:
2024-07-28T16:29:07.508Z - info: 1. se-book-adapted/chapters/revisionControl
2024-07-28T16:29:08.519Z - info: Rebuilding 1 pages
2024-07-28T16:29:08.813Z - info: Site data built
2024-07-28T16:29:08.813Z - info: Pages rebuilt
2024-07-28T16:29:08.814Z - info: Website regeneration complete! Total build time: 0.296s
2024-07-28T16:29:18.329Z - info: [12:29:18 am] Reload for file change: C:\repos\nus-cs2103\cs2103-website-base\book\revisionControl\drcsVsCrcs\text.md
2024-07-28T16:29:18.330Z - info: Synchronizing opened pages list before reload
2024-07-28T16:29:18.330Z - info: Current opened pages, from most-to-least recent:
2024-07-28T16:29:18.330Z - info: 1. se-book-adapted/chapters/revisionControl
2024-07-28T16:29:19.344Z - info: Rebuilding 1 pages
2024-07-28T16:29:19.655Z - info: Site data built
2024-07-28T16:29:19.655Z - info: Pages rebuilt
2024-07-28T16:29:19.655Z - info: Website regeneration complete! Total build time: 0.312s
2024-07-28T16:29:29.414Z - info: [12:29:29 am] Reload for file change: C:\repos\nus-cs2103\cs2103-website-base\book\revisionControl\drcsVsCrcs\text.md
2024-07-28T16:29:29.415Z - info: Synchronizing opened pages list before reload
2024-07-28T16:29:29.415Z - info: Current opened pages, from most-to-least recent:
2024-07-28T16:29:29.415Z - info: 1. se-book-adapted/chapters/revisionControl
2024-07-28T16:29:30.424Z - info: Rebuilding 1 pages
2024-07-28T16:29:30.791Z - info: Site data built
2024-07-28T16:29:30.791Z - info: Pages rebuilt
2024-07-28T16:29:30.791Z - info: Website regeneration complete! Total build time: 0.37s
2024-07-28T16:30:11.028Z - info: [12:30:11 am] Reload for file change: C:\repos\nus-cs2103\cs2103-website-base\book\revisionControl\drcsVsCrcs\text.md
2024-07-28T16:30:11.029Z - info: Synchronizing opened pages list before reload
2024-07-28T16:30:11.029Z - info: Current opened pages, from most-to-least recent:
2024-07-28T16:30:11.029Z - info: 1. se-book-adapted/chapters/revisionControl
2024-07-28T16:30:12.040Z - info: Rebuilding 1 pages
2024-07-28T16:30:12.410Z - info: Site data built
2024-07-28T16:30:12.410Z - info: Pages rebuilt
2024-07-28T16:30:12.411Z - info: Website regeneration complete! Total build time: 0.373s
2024-07-28T16:32:07.141Z - info: [12:32:07 am] Reload for file add: C:\repos\nus-cs2103\cs2103-website-base\book\diagrams\revisionControl\drcsVsCrcs\~$crcsDiagram.pptx
2024-07-28T16:32:07.141Z - info: Synchronizing opened pages list before reload
2024-07-28T16:32:07.141Z - info: Current opened pages, from most-to-least recent:
2024-07-28T16:32:07.142Z - info: 1. se-book-adapted/chapters/revisionControl
2024-07-28T16:32:13.018Z - info: Assets built
2024-07-28T16:34:07.048Z - info: [12:34:07 am] Reload for file add: C:\repos\nus-cs2103\cs2103-website-base\book\diagrams\revisionControl\drcsVsCrcs\pptDFEE.tmp
2024-07-28T16:34:07.048Z - info: Synchronizing opened pages list before reload
2024-07-28T16:34:07.049Z - info: Current opened pages, from most-to-least recent:
2024-07-28T16:34:07.049Z - info: 1. se-book-adapted/chapters/revisionControl
2024-07-28T16:34:09.654Z - info: [12:34:09 am] Reload for file change: C:\repos\nus-cs2103\cs2103-website-base\book\diagrams\revisionControl\drcsVsCrcs\crcsDiagram.pptx
2024-07-28T16:34:09.655Z - info: Synchronizing opened pages list before reload
2024-07-28T16:34:09.655Z - info: Current opened pages, from most-to-least recent:
2024-07-28T16:34:09.655Z - info: 1. se-book-adapted/chapters/revisionControl
2024-07-28T16:34:09.753Z - info: [12:34:09 am] Reload for file deletion: C:\repos\nus-cs2103\cs2103-website-base\book\diagrams\revisionControl\drcsVsCrcs\pptDFEE.tmp
2024-07-28T16:34:09.753Z - info: Synchronizing opened pages list before reload
2024-07-28T16:34:09.753Z - info: Current opened pages, from most-to-least recent:
2024-07-28T16:34:09.753Z - info: 1. se-book-adapted/chapters/revisionControl
2024-07-28T16:34:12.372Z - info: Assets built
2024-07-28T16:34:13.373Z - debug: Assets removed
2024-07-28T16:36:38.049Z - info: [12:36:38 am] Reload for file change: C:\repos\nus-cs2103\cs2103-website-base\book\revisionControl\drcsVsCrcs\images\crcsDiagram.png
2024-07-28T16:36:38.049Z - info: Synchronizing opened pages list before reload
2024-07-28T16:36:38.050Z - info: Current opened pages, from most-to-least recent:
2024-07-28T16:36:38.050Z - info: 1. se-book-adapted/chapters/revisionControl
2024-07-28T16:36:38.156Z - info: [12:36:38 am] Reload for file change: C:\repos\nus-cs2103\cs2103-website-base\book\revisionControl\drcsVsCrcs\images\crcsDiagram.png
2024-07-28T16:36:38.156Z - info: Synchronizing opened pages list before reload
2024-07-28T16:36:38.156Z - info: Current opened pages, from most-to-least recent:
2024-07-28T16:36:38.156Z - info: 1. se-book-adapted/chapters/revisionControl
2024-07-28T16:36:39.079Z - info: Assets built
2024-07-28T16:36:58.812Z - info: [12:36:58 am] Reload for file add: C:\repos\nus-cs2103\cs2103-website-base\book\diagrams\revisionControl\drcsVsCrcs\~$drcsDiagram.pptx
2024-07-28T16:36:58.812Z - info: Synchronizing opened pages list before reload
2024-07-28T16:36:58.812Z - info: Current opened pages, from most-to-least recent:
2024-07-28T16:36:58.812Z - info: 1. se-book-adapted/chapters/revisionControl
2024-07-28T16:37:03.522Z - info: Assets built
2024-07-28T16:38:56.751Z - info: [12:38:56 am] Reload for file add: C:\repos\nus-cs2103\cs2103-website-base\book\diagrams\revisionControl\drcsVsCrcs\ppt4B97.tmp
2024-07-28T16:38:56.751Z - info: Synchronizing opened pages list before reload
2024-07-28T16:38:56.751Z - info: Current opened pages, from most-to-least recent:
2024-07-28T16:38:56.751Z - info: 1. se-book-adapted/chapters/revisionControl
2024-07-28T16:38:59.366Z - info: [12:38:59 am] Reload for file change: C:\repos\nus-cs2103\cs2103-website-base\book\diagrams\revisionControl\drcsVsCrcs\drcsDiagram.pptx
2024-07-28T16:38:59.366Z - info: Synchronizing opened pages list before reload
2024-07-28T16:38:59.366Z - info: Current opened pages, from most-to-least recent:
2024-07-28T16:38:59.366Z - info: 1. se-book-adapted/chapters/revisionControl
2024-07-28T16:38:59.472Z - info: [12:38:59 am] Reload for file deletion: C:\repos\nus-cs2103\cs2103-website-base\book\diagrams\revisionControl\drcsVsCrcs\ppt4B97.tmp
2024-07-28T16:38:59.472Z - info: Synchronizing opened pages list before reload
2024-07-28T16:38:59.473Z - info: Current opened pages, from most-to-least recent:
2024-07-28T16:38:59.473Z - info: 1. se-book-adapted/chapters/revisionControl
2024-07-28T16:39:02.034Z - info: Assets built
2024-07-28T16:39:03.042Z - debug: Assets removed
2024-07-28T16:39:53.675Z - info: [12:39:53 am] Reload for file change: C:\repos\nus-cs2103\cs2103-website-base\book\revisionControl\drcsVsCrcs\images\drcsDiagram.png
2024-07-28T16:39:53.675Z - info: Synchronizing opened pages list before reload
2024-07-28T16:39:53.675Z - info: Current opened pages, from most-to-least recent:
2024-07-28T16:39:53.675Z - info: 1. se-book-adapted/chapters/revisionControl
2024-07-28T16:39:53.843Z - info: [12:39:53 am] Reload for file change: C:\repos\nus-cs2103\cs2103-website-base\book\revisionControl\drcsVsCrcs\images\drcsDiagram.png
2024-07-28T16:39:53.843Z - info: Synchronizing opened pages list before reload
2024-07-28T16:39:53.844Z - info: Current opened pages, from most-to-least recent:
2024-07-28T16:39:53.844Z - info: 1. se-book-adapted/chapters/revisionControl
2024-07-28T16:39:54.697Z - info: Assets built
2024-07-28T16:39:55.624Z - info: [12:39:55 am] Reload for file add: C:\repos\nus-cs2103\cs2103-website-base\book\diagrams\revisionControl\drcsVsCrcs\ppt3193.tmp
2024-07-28T16:39:55.624Z - info: Synchronizing opened pages list before reload
2024-07-28T16:39:55.624Z - info: Current opened pages, from most-to-least recent:
2024-07-28T16:39:55.624Z - info: 1. se-book-adapted/chapters/revisionControl
2024-07-28T16:39:58.225Z - info: [12:39:58 am] Reload for file change: C:\repos\nus-cs2103\cs2103-website-base\book\diagrams\revisionControl\drcsVsCrcs\drcsDiagram.pptx
2024-07-28T16:39:58.225Z - info: Synchronizing opened pages list before reload
2024-07-28T16:39:58.225Z - info: Current opened pages, from most-to-least recent:
2024-07-28T16:39:58.225Z - info: 1. se-book-adapted/chapters/revisionControl
2024-07-28T16:39:58.324Z - info: [12:39:58 am] Reload for file deletion: C:\repos\nus-cs2103\cs2103-website-base\book\diagrams\revisionControl\drcsVsCrcs\ppt3193.tmp
2024-07-28T16:39:58.324Z - info: Synchronizing opened pages list before reload
2024-07-28T16:39:58.325Z - info: Current opened pages, from most-to-least recent:
2024-07-28T16:39:58.325Z - info: 1. se-book-adapted/chapters/revisionControl
2024-07-28T16:40:00.962Z - info: Assets built
2024-07-28T16:40:01.156Z - info: [12:40:01 am] Reload for file add: C:\repos\nus-cs2103\cs2103-website-base\book\diagrams\revisionControl\drcsVsCrcs\ppt472F.tmp
2024-07-28T16:40:01.156Z - info: Synchronizing opened pages list before reload
2024-07-28T16:40:01.156Z - info: Current opened pages, from most-to-least recent:
2024-07-28T16:40:01.156Z - info: 1. se-book-adapted/chapters/revisionControl
2024-07-28T16:40:03.627Z - debug: Assets removed
2024-07-28T16:40:03.630Z - info: [12:40:03 am] Reload for file change: C:\repos\nus-cs2103\cs2103-website-base\book\diagrams\revisionControl\drcsVsCrcs\crcsDiagram.pptx
2024-07-28T16:40:03.630Z - info: Synchronizing opened pages list before reload
2024-07-28T16:40:03.631Z - info: Current opened pages, from most-to-least recent:
2024-07-28T16:40:03.631Z - info: 1. se-book-adapted/chapters/revisionControl
2024-07-28T16:40:03.731Z - info: [12:40:03 am] Reload for file deletion: C:\repos\nus-cs2103\cs2103-website-base\book\diagrams\revisionControl\drcsVsCrcs\ppt472F.tmp
2024-07-28T16:40:03.732Z - info: Synchronizing opened pages list before reload
2024-07-28T16:40:03.732Z - info: Current opened pages, from most-to-least recent:
2024-07-28T16:40:03.733Z - info: 1. se-book-adapted/chapters/revisionControl
2024-07-28T16:40:06.340Z - info: Assets built
2024-07-28T16:40:07.351Z - debug: Assets removed
2024-07-28T16:40:15.986Z - info: [12:40:15 am] Reload for file change: C:\repos\nus-cs2103\cs2103-website-base\book\revisionControl\drcsVsCrcs\text.md
2024-07-28T16:40:15.986Z - info: Synchronizing opened pages list before reload
2024-07-28T16:40:15.986Z - info: Current opened pages, from most-to-least recent:
2024-07-28T16:40:15.986Z - info: 1. se-book-adapted/chapters/revisionControl
2024-07-28T16:40:16.990Z - info: Rebuilding 1 pages
2024-07-28T16:40:17.441Z - info: Site data built
2024-07-28T16:40:17.441Z - info: Pages rebuilt
2024-07-28T16:40:17.441Z - info: Website regeneration complete! Total build time: 0.452s
2024-07-28T16:40:29.606Z - info: [12:40:29 am] Reload for file change: C:\repos\nus-cs2103\cs2103-website-base\book\revisionControl\drcsVsCrcs\text.md
2024-07-28T16:40:29.607Z - info: Synchronizing opened pages list before reload
2024-07-28T16:40:29.607Z - info: Current opened pages, from most-to-least recent:
2024-07-28T16:40:29.607Z - info: 1. se-book-adapted/chapters/revisionControl
2024-07-28T16:40:30.611Z - info: Rebuilding 1 pages
2024-07-28T16:40:30.922Z - info: Site data built
2024-07-28T16:40:30.922Z - info: Pages rebuilt
2024-07-28T16:40:30.922Z - info: Website regeneration complete! Total build time: 0.312s
2024-07-28T16:40:47.929Z - info: [12:40:47 am] Reload for file change: C:\repos\nus-cs2103\cs2103-website-base\book\revisionControl\drcsVsCrcs\text.md
2024-07-28T16:40:47.930Z - info: Synchronizing opened pages list before reload
2024-07-28T16:40:47.930Z - info: Current opened pages, from most-to-least recent:
2024-07-28T16:40:47.930Z - info: 1. se-book-adapted/chapters/revisionControl
2024-07-28T16:40:48.943Z - info: Rebuilding 1 pages
2024-07-28T16:40:49.221Z - info: Site data built
2024-07-28T16:40:49.221Z - info: Pages rebuilt
2024-07-28T16:40:49.221Z - info: Website regeneration complete! Total build time: 0.279s
2024-07-28T16:43:45.500Z - info: [12:43:45 am] Reload for file deletion: C:\repos\nus-cs2103\cs2103-website-base\book\diagrams\revisionControl\drcsVsCrcs\~$drcsDiagram.pptx
2024-07-28T16:43:45.504Z - info: Synchronizing opened pages list before reload
2024-07-28T16:43:45.505Z - info: Current opened pages, from most-to-least recent:
2024-07-28T16:43:45.507Z - info: 1. se-book-adapted/chapters/revisionControl
2024-07-28T16:43:50.049Z - info: [12:43:50 am] Reload for file deletion: C:\repos\nus-cs2103\cs2103-website-base\book\diagrams\revisionControl\drcsVsCrcs\~$crcsDiagram.pptx
2024-07-28T16:43:50.049Z - info: Synchronizing opened pages list before reload
2024-07-28T16:43:50.049Z - info: Current opened pages, from most-to-least recent:
2024-07-28T16:43:50.049Z - info: 1. se-book-adapted/chapters/revisionControl
2024-07-28T16:43:52.779Z - debug: Assets removed
2024-07-28T16:45:12.042Z - info: [12:45:12 am] Reload for file change: C:\repos\nus-cs2103\cs2103-website-base\book\gitAndGithub\branch\cli_1.md
2024-07-28T16:45:12.042Z - info: Synchronizing opened pages list before reload
2024-07-28T16:45:12.043Z - info: Current opened pages, from most-to-least recent:
2024-07-28T16:45:12.043Z - info: 1. se-book-adapted/chapters/revisionControl
2024-07-28T16:45:13.051Z - info: No pages needed to be rebuilt
2024-07-28T16:48:32.414Z - info: Website generation started at 12:48:20 am
2024-07-28T16:48:39.461Z - info: Building assets...
2024-07-28T16:48:44.736Z - info: Assets built
2024-07-28T16:48:44.736Z - info: Generating pages...
2024-07-28T16:49:03.051Z - debug:  
2024-07-28T16:49:03.054Z - debug:  
2024-07-28T16:49:03.060Z - debug:  
2024-07-28T16:49:03.064Z - debug:  
2024-07-28T16:49:03.508Z - debug:  
2024-07-28T16:49:03.508Z - debug:  
2024-07-28T16:49:03.509Z - debug:  
2024-07-28T16:49:03.509Z - debug:  
2024-07-28T16:49:03.510Z - debug:  
2024-07-28T16:49:03.510Z - debug:  
2024-07-28T16:49:03.511Z - debug:  
2024-07-28T16:49:03.511Z - debug:  
2024-07-28T16:49:03.511Z - debug:  
2024-07-28T16:49:03.511Z - debug:  
2024-07-28T16:49:03.512Z - debug:  
2024-07-28T16:49:06.552Z - debug:  
2024-07-28T16:49:06.552Z - debug:  
2024-07-28T16:50:21.270Z - error: Invalid HTML in C:\repos\nus-cs2103\cs2103-website-base\schedule\week5\tutorial.md.
Table must have a tbody tag. Please correct this to avoid Vue hydration issues.

2024-07-28T16:50:46.292Z - error: Invalid HTML in C:\repos\nus-cs2103\cs2103-website-base\schedule\week4\project.md.
Table must have a tbody tag. Please correct this to avoid Vue hydration issues.

2024-07-28T16:50:46.292Z - error: Invalid HTML in C:\repos\nus-cs2103\cs2103-website-base\schedule\week4\project.md.
Table must have a tbody tag. Please correct this to avoid Vue hydration issues.

2024-07-28T16:51:11.761Z - debug:  
2024-07-28T16:51:28.060Z - debug:  
2024-07-28T16:51:28.197Z - debug:  
2024-07-28T16:51:33.083Z - error: Invalid HTML in C:\repos\nus-cs2103\cs2103-website-base\admin\ip-w4.md.
Table must have a tbody tag. Please correct this to avoid Vue hydration issues.

2024-07-28T16:51:33.084Z - error: Invalid HTML in C:\repos\nus-cs2103\cs2103-website-base\admin\ip-w4.md.
Table must have a tbody tag. Please correct this to avoid Vue hydration issues.

2024-07-28T16:51:36.740Z - info: Pages built
2024-07-28T16:51:37.808Z - info: Site data built
2024-07-28T16:51:37.809Z - info: Website generation complete! Total build time: 197.385s
2024-07-28T16:51:37.809Z - info: Build success!
2024-07-28T16:54:01.459Z - info: The website has been deployed at: https://nus-cs2103-ay2425s1.github.io/website
2024-07-29T05:57:12.214Z - info: Website generation (lazy) started at 1:57:06 pm
2024-07-29T05:57:21.619Z - warn: ENOENT: no such file or directory, open 'C:\repos\nus-cs2103\cs2103-website-base\cache\gh-pages\https!github.com!nus-cs2103-AY2425S1!website.git\book\_markbind\variables.md'
2024-07-29T05:57:21.621Z - warn: ENOENT: no such file or directory, open 'C:\repos\nus-cs2103\cs2103-website-base\cache\gh-pages\https!github.com!nus-cs2103-AY2425S1!website.git\_markbind\variables.md'
2024-07-29T05:57:21.683Z - info: Building assets...
2024-07-29T05:57:59.019Z - info: Assets built
2024-07-29T05:57:59.020Z - info: Generating landing page...
2024-07-29T05:57:59.672Z - info: Landing page built, other pages will be built as you navigate to them!
2024-07-29T05:58:00.745Z - info: Site data built
2024-07-29T05:58:00.746Z - info: Website generation (lazy) complete! Total build time: 54.288s
2024-07-29T05:58:01.134Z - info: Serving "C:\repos\nus-cs2103\cs2103-website-base\_site" at http://127.0.0.1:8080
2024-07-29T05:58:01.134Z - info: Press CTRL+C to stop ...
2024-07-29T06:05:28.919Z - info: Building C:\repos\nus-cs2103\cs2103-website-base\admin\courseBriefings as some of its dependencies were changed since the last visit
2024-07-29T06:05:29.464Z - info: Site data built
2024-07-29T06:05:29.464Z - info: Lazy website regeneration complete! Total build time: 0.547s
2024-07-29T06:07:57.357Z - info: [2:07:57 pm] Reload for file change: C:\repos\nus-cs2103\cs2103-website-base\common\topics.njk
2024-07-29T06:07:57.358Z - info: Synchronizing opened pages list before reload
2024-07-29T06:07:57.358Z - info: Current opened pages, from most-to-least recent:
2024-07-29T06:07:57.359Z - info: 1. admin/courseBriefings
2024-07-29T06:07:58.366Z - info: Rebuilding 1 pages
2024-07-29T06:07:59.231Z - info: Site data built
2024-07-29T06:07:59.232Z - info: Pages rebuilt
2024-07-29T06:07:59.232Z - info: Website regeneration complete! Total build time: 0.868s
2024-07-29T06:08:20.354Z - info: [2:08:20 pm] Reload for file change: C:\repos\nus-cs2103\cs2103-website-base\admin\courseBriefings.md
2024-07-29T06:08:20.355Z - info: Synchronizing opened pages list before reload
2024-07-29T06:08:20.355Z - info: Current opened pages, from most-to-least recent:
2024-07-29T06:08:20.355Z - info: 1. admin/courseBriefings
2024-07-29T06:08:21.374Z - info: Rebuilding 1 pages
2024-07-29T06:08:22.121Z - info: Site data built
2024-07-29T06:08:22.122Z - info: Pages rebuilt
2024-07-29T06:08:22.123Z - info: Website regeneration complete! Total build time: 0.75s
2024-07-29T06:08:31.091Z - info: [2:08:31 pm] Reload for file change: C:\repos\nus-cs2103\cs2103-website-base\admin\courseBriefings.md
2024-07-29T06:08:31.092Z - info: Synchronizing opened pages list before reload
2024-07-29T06:08:31.092Z - info: Current opened pages, from most-to-least recent:
2024-07-29T06:08:31.093Z - info: 1. admin/courseBriefings
2024-07-29T06:08:32.111Z - info: Rebuilding 1 pages
2024-07-29T06:08:32.471Z - info: Site data built
2024-07-29T06:08:32.471Z - info: Pages rebuilt
2024-07-29T06:08:32.472Z - info: Website regeneration complete! Total build time: 0.362s
2024-07-29T06:09:36.347Z - info: [2:09:36 pm] Reload for file change: C:\repos\nus-cs2103\cs2103-website-base\common\topics.njk
2024-07-29T06:09:36.348Z - info: Synchronizing opened pages list before reload
2024-07-29T06:09:36.348Z - info: Current opened pages, from most-to-least recent:
2024-07-29T06:09:36.349Z - info: 1. admin/courseBriefings
2024-07-29T06:09:37.351Z - info: Rebuilding 1 pages
2024-07-29T06:09:37.751Z - info: Site data built
2024-07-29T06:09:37.751Z - info: Pages rebuilt
2024-07-29T06:09:37.752Z - info: Website regeneration complete! Total build time: 0.401s
2024-07-29T06:09:47.450Z - info: [2:09:47 pm] Reload for file change: C:\repos\nus-cs2103\cs2103-website-base\admin\courseBriefings.md
2024-07-29T06:09:47.450Z - info: Synchronizing opened pages list before reload
2024-07-29T06:09:47.451Z - info: Current opened pages, from most-to-least recent:
2024-07-29T06:09:47.451Z - info: 1. admin/courseBriefings
2024-07-29T06:09:48.462Z - info: Rebuilding 1 pages
2024-07-29T06:09:48.999Z - info: Site data built
2024-07-29T06:09:49.000Z - info: Pages rebuilt
2024-07-29T06:09:49.000Z - info: Website regeneration complete! Total build time: 0.541s
2024-07-29T06:10:31.147Z - info: [2:10:31 pm] Reload for file change: C:\repos\nus-cs2103\cs2103-website-base\common\topics.njk
2024-07-29T06:10:31.147Z - info: Synchronizing opened pages list before reload
2024-07-29T06:10:31.148Z - info: Current opened pages, from most-to-least recent:
2024-07-29T06:10:31.148Z - info: 1. admin/courseBriefings
2024-07-29T06:10:32.164Z - info: Rebuilding 1 pages
2024-07-29T06:10:32.766Z - info: Site data built
2024-07-29T06:10:32.766Z - info: Pages rebuilt
2024-07-29T06:10:32.766Z - info: Website regeneration complete! Total build time: 0.603s
2024-07-29T06:10:42.781Z - info: [2:10:42 pm] Reload for file change: C:\repos\nus-cs2103\cs2103-website-base\common\topics.njk
2024-07-29T06:10:42.781Z - info: Synchronizing opened pages list before reload
2024-07-29T06:10:42.781Z - info: Current opened pages, from most-to-least recent:
2024-07-29T06:10:42.782Z - info: 1. admin/courseBriefings
2024-07-29T06:10:43.788Z - info: Rebuilding 1 pages
2024-07-29T06:10:44.183Z - info: Site data built
2024-07-29T06:10:44.184Z - info: Pages rebuilt
2024-07-29T06:10:44.184Z - info: Website regeneration complete! Total build time: 0.397s
2024-07-29T06:11:11.915Z - info: [2:11:11 pm] Reload for file change: C:\repos\nus-cs2103\cs2103-website-base\common\topics.njk
2024-07-29T06:11:11.915Z - info: Synchronizing opened pages list before reload
2024-07-29T06:11:11.915Z - info: Current opened pages, from most-to-least recent:
2024-07-29T06:11:11.916Z - info: 1. admin/courseBriefings
2024-07-29T06:11:12.923Z - info: Rebuilding 1 pages
2024-07-29T06:11:13.330Z - info: Site data built
2024-07-29T06:11:13.330Z - info: Pages rebuilt
2024-07-29T06:11:13.331Z - info: Website regeneration complete! Total build time: 0.408s
2024-07-29T06:11:18.974Z - info: [2:11:18 pm] Reload for file change: C:\repos\nus-cs2103\cs2103-website-base\common\topics.njk
2024-07-29T06:11:18.974Z - info: Synchronizing opened pages list before reload
2024-07-29T06:11:18.975Z - info: Current opened pages, from most-to-least recent:
2024-07-29T06:11:18.975Z - info: 1. admin/courseBriefings
2024-07-29T06:11:19.977Z - info: Rebuilding 1 pages
2024-07-29T06:11:20.303Z - info: Site data built
2024-07-29T06:11:20.303Z - info: Pages rebuilt
2024-07-29T06:11:20.303Z - info: Website regeneration complete! Total build time: 0.327s
2024-07-29T06:11:31.817Z - info: [2:11:31 pm] Reload for file change: C:\repos\nus-cs2103\cs2103-website-base\common\topics.njk
2024-07-29T06:11:31.817Z - info: Synchronizing opened pages list before reload
2024-07-29T06:11:31.818Z - info: Current opened pages, from most-to-least recent:
2024-07-29T06:11:31.818Z - info: 1. admin/courseBriefings
2024-07-29T06:11:32.825Z - info: Rebuilding 1 pages
2024-07-29T06:11:33.197Z - info: Site data built
2024-07-29T06:11:33.197Z - info: Pages rebuilt
2024-07-29T06:11:33.198Z - info: Website regeneration complete! Total build time: 0.373s
2024-07-29T06:16:26.042Z - info: [2:16:26 pm] Reload for file change: C:\repos\nus-cs2103\cs2103-website-base\common\topics.njk
2024-07-29T06:16:26.043Z - info: Synchronizing opened pages list before reload
2024-07-29T06:16:26.043Z - info: Current opened pages, from most-to-least recent:
2024-07-29T06:16:26.044Z - info: 1. admin/courseBriefings
2024-07-29T06:16:27.055Z - info: Rebuilding 1 pages
2024-07-29T06:16:27.989Z - info: Site data built
2024-07-29T06:16:27.990Z - info: Pages rebuilt
2024-07-29T06:16:27.991Z - info: Website regeneration complete! Total build time: 0.937s
2024-07-29T06:16:57.385Z - info: [2:16:57 pm] Reload for file change: C:\repos\nus-cs2103\cs2103-website-base\admin\courseBriefings.md
2024-07-29T06:16:57.385Z - info: Synchronizing opened pages list before reload
2024-07-29T06:16:57.385Z - info: Current opened pages, from most-to-least recent:
2024-07-29T06:16:57.385Z - info: 1. admin/courseBriefings
2024-07-29T06:16:58.402Z - info: Rebuilding 1 pages
2024-07-29T06:16:58.785Z - info: Site data built
2024-07-29T06:16:58.785Z - info: Pages rebuilt
2024-07-29T06:16:58.786Z - info: Website regeneration complete! Total build time: 0.384s
2024-07-29T06:17:23.178Z - info: [2:17:23 pm] Reload for file change: C:\repos\nus-cs2103\cs2103-website-base\common\topics.njk
2024-07-29T06:17:23.178Z - info: Synchronizing opened pages list before reload
2024-07-29T06:17:23.178Z - info: Current opened pages, from most-to-least recent:
2024-07-29T06:17:23.179Z - info: 1. admin/courseBriefings
2024-07-29T06:17:24.184Z - info: Rebuilding 1 pages
2024-07-29T06:17:24.689Z - info: Site data built
2024-07-29T06:17:24.689Z - info: Pages rebuilt
2024-07-29T06:17:24.690Z - info: Website regeneration complete! Total build time: 0.506s
2024-07-29T06:17:36.425Z - info: [2:17:36 pm] Reload for file change: C:\repos\nus-cs2103\cs2103-website-base\common\topics.njk
2024-07-29T06:17:36.425Z - info: Synchronizing opened pages list before reload
2024-07-29T06:17:36.426Z - info: Current opened pages, from most-to-least recent:
2024-07-29T06:17:36.426Z - info: 1. admin/courseBriefings
2024-07-29T06:17:37.433Z - info: Rebuilding 1 pages
2024-07-29T06:17:37.793Z - info: Site data built
2024-07-29T06:17:37.793Z - info: Pages rebuilt
2024-07-29T06:17:37.793Z - info: Website regeneration complete! Total build time: 0.361s
2024-07-29T06:17:50.104Z - info: [2:17:50 pm] Reload for file change: C:\repos\nus-cs2103\cs2103-website-base\common\topics.njk
2024-07-29T06:17:50.105Z - info: Synchronizing opened pages list before reload
2024-07-29T06:17:50.105Z - info: Current opened pages, from most-to-least recent:
2024-07-29T06:17:50.105Z - info: 1. admin/courseBriefings
2024-07-29T06:17:51.114Z - info: Rebuilding 1 pages
2024-07-29T06:17:51.412Z - info: Site data built
2024-07-29T06:17:51.412Z - info: Pages rebuilt
2024-07-29T06:17:51.412Z - info: Website regeneration complete! Total build time: 0.3s
2024-07-29T06:18:12.871Z - info: [2:18:12 pm] Reload for file change: C:\repos\nus-cs2103\cs2103-website-base\common\topics.njk
2024-07-29T06:18:12.871Z - info: Synchronizing opened pages list before reload
2024-07-29T06:18:12.871Z - info: Current opened pages, from most-to-least recent:
2024-07-29T06:18:12.871Z - info: 1. admin/courseBriefings
2024-07-29T06:18:13.878Z - info: Rebuilding 1 pages
2024-07-29T06:18:14.285Z - info: Site data built
2024-07-29T06:18:14.285Z - info: Pages rebuilt
2024-07-29T06:18:14.285Z - info: Website regeneration complete! Total build time: 0.409s
2024-07-29T06:18:24.957Z - info: [2:18:24 pm] Reload for file change: C:\repos\nus-cs2103\cs2103-website-base\common\topics.njk
2024-07-29T06:18:24.958Z - info: Synchronizing opened pages list before reload
2024-07-29T06:18:24.958Z - info: Current opened pages, from most-to-least recent:
2024-07-29T06:18:24.959Z - info: 1. admin/courseBriefings
2024-07-29T06:18:25.966Z - info: Rebuilding 1 pages
2024-07-29T06:18:26.310Z - info: Site data built
2024-07-29T06:18:26.310Z - info: Pages rebuilt
2024-07-29T06:18:26.311Z - info: Website regeneration complete! Total build time: 0.346s
2024-07-29T06:18:33.851Z - info: [2:18:33 pm] Reload for file change: C:\repos\nus-cs2103\cs2103-website-base\common\topics.njk
2024-07-29T06:18:33.852Z - info: Synchronizing opened pages list before reload
2024-07-29T06:18:33.852Z - info: Current opened pages, from most-to-least recent:
2024-07-29T06:18:33.852Z - info: 1. admin/courseBriefings
2024-07-29T06:18:34.863Z - info: Rebuilding 1 pages
2024-07-29T06:18:35.206Z - info: Site data built
2024-07-29T06:18:35.206Z - info: Pages rebuilt
2024-07-29T06:18:35.206Z - info: Website regeneration complete! Total build time: 0.344s
2024-07-29T06:19:58.310Z - info: [2:19:58 pm] Reload for file change: C:\repos\nus-cs2103\cs2103-website-base\admin\courseBriefings.md
2024-07-29T06:19:58.311Z - info: Synchronizing opened pages list before reload
2024-07-29T06:19:58.312Z - info: Current opened pages, from most-to-least recent:
2024-07-29T06:19:58.312Z - info: 1. admin/courseBriefings
2024-07-29T06:19:59.324Z - info: Rebuilding 1 pages
2024-07-29T06:19:59.957Z - info: Site data built
2024-07-29T06:19:59.958Z - info: Pages rebuilt
2024-07-29T06:19:59.958Z - info: Website regeneration complete! Total build time: 0.636s
2024-07-29T06:21:15.812Z - info: [2:21:15 pm] Reload for file change: C:\repos\nus-cs2103\cs2103-website-base\admin\courseBriefings.md
2024-07-29T06:21:15.813Z - info: Synchronizing opened pages list before reload
2024-07-29T06:21:15.813Z - info: Current opened pages, from most-to-least recent:
2024-07-29T06:21:15.814Z - info: 1. admin/courseBriefings
2024-07-29T06:21:16.827Z - info: Rebuilding 1 pages
2024-07-29T06:21:17.174Z - info: Site data built
2024-07-29T06:21:17.174Z - info: Pages rebuilt
2024-07-29T06:21:17.175Z - info: Website regeneration complete! Total build time: 0.349s
2024-07-29T06:21:52.961Z - info: [2:21:52 pm] Reload for file change: C:\repos\nus-cs2103\cs2103-website-base\admin\courseBriefings.md
2024-07-29T06:21:52.962Z - info: Synchronizing opened pages list before reload
2024-07-29T06:21:52.963Z - info: Current opened pages, from most-to-least recent:
2024-07-29T06:21:52.963Z - info: 1. admin/courseBriefings
2024-07-29T06:21:53.980Z - info: Rebuilding 1 pages
2024-07-29T06:21:54.424Z - info: Site data built
2024-07-29T06:21:54.425Z - info: Pages rebuilt
2024-07-29T06:21:54.426Z - info: Website regeneration complete! Total build time: 0.446s
2024-07-29T06:22:10.701Z - info: Building C:\repos\nus-cs2103\cs2103-website-base\schedule\week2\index as some of its dependencies were changed since the last visit
2024-07-29T06:22:11.917Z - info: Site data built
2024-07-29T06:22:11.918Z - info: Lazy website regeneration complete! Total build time: 1.218s
2024-07-29T06:22:29.017Z - info: [2:22:29 pm] Reload for file change: C:\repos\nus-cs2103\cs2103-website-base\common\topics.njk
2024-07-29T06:22:29.018Z - info: Synchronizing opened pages list before reload
2024-07-29T06:22:29.018Z - info: Current opened pages, from most-to-least recent:
2024-07-29T06:22:29.018Z - info: 1. schedule/week2/index
2024-07-29T06:22:30.029Z - info: Rebuilding 1 pages
2024-07-29T06:22:30.910Z - info: Site data built
2024-07-29T06:22:30.910Z - info: Pages rebuilt
2024-07-29T06:22:30.910Z - info: Website regeneration complete! Total build time: 0.882s
2024-07-29T06:22:40.226Z - info: [2:22:40 pm] Reload for file change: C:\repos\nus-cs2103\cs2103-website-base\common\topics.njk
2024-07-29T06:22:40.226Z - info: Synchronizing opened pages list before reload
2024-07-29T06:22:40.227Z - info: Current opened pages, from most-to-least recent:
2024-07-29T06:22:40.227Z - info: 1. schedule/week2/index
2024-07-29T06:22:41.238Z - info: Rebuilding 1 pages
2024-07-29T06:22:41.958Z - info: Site data built
2024-07-29T06:22:41.959Z - info: Pages rebuilt
2024-07-29T06:22:41.959Z - info: Website regeneration complete! Total build time: 0.722s
2024-07-29T06:24:18.066Z - info: Website generation started at 2:23:57 pm
2024-07-29T06:24:30.363Z - info: Building assets...
2024-07-29T06:24:37.917Z - info: Assets built
2024-07-29T06:24:37.920Z - info: Generating pages...
2024-07-29T06:25:01.237Z - debug:  
2024-07-29T06:25:01.246Z - debug:  
2024-07-29T06:25:01.247Z - debug:  
2024-07-29T06:25:01.248Z - debug:  
2024-07-29T06:25:01.734Z - debug:  
2024-07-29T06:25:01.735Z - debug:  
2024-07-29T06:25:01.736Z - debug:  
2024-07-29T06:25:01.736Z - debug:  
2024-07-29T06:25:01.737Z - debug:  
2024-07-29T06:25:01.737Z - debug:  
2024-07-29T06:25:01.737Z - debug:  
2024-07-29T06:25:01.738Z - debug:  
2024-07-29T06:25:01.738Z - debug:  
2024-07-29T06:25:01.738Z - debug:  
2024-07-29T06:25:01.739Z - debug:  
2024-07-29T06:25:05.046Z - debug:  
2024-07-29T06:25:05.046Z - debug:  
2024-07-29T06:26:29.776Z - error: Invalid HTML in C:\repos\nus-cs2103\cs2103-website-base\schedule\week5\tutorial.md.
Table must have a tbody tag. Please correct this to avoid Vue hydration issues.

2024-07-29T06:26:53.994Z - error: Invalid HTML in C:\repos\nus-cs2103\cs2103-website-base\schedule\week4\project.md.
Table must have a tbody tag. Please correct this to avoid Vue hydration issues.

2024-07-29T06:26:53.994Z - error: Invalid HTML in C:\repos\nus-cs2103\cs2103-website-base\schedule\week4\project.md.
Table must have a tbody tag. Please correct this to avoid Vue hydration issues.

2024-07-29T06:27:18.031Z - debug:  
2024-07-29T06:27:34.099Z - debug:  
2024-07-29T06:27:34.112Z - debug:  
2024-07-29T06:27:38.990Z - error: Invalid HTML in C:\repos\nus-cs2103\cs2103-website-base\admin\ip-w4.md.
Table must have a tbody tag. Please correct this to avoid Vue hydration issues.

2024-07-29T06:27:38.991Z - error: Invalid HTML in C:\repos\nus-cs2103\cs2103-website-base\admin\ip-w4.md.
Table must have a tbody tag. Please correct this to avoid Vue hydration issues.

2024-07-29T06:27:42.660Z - info: Pages built
2024-07-29T06:27:43.739Z - info: Site data built
2024-07-29T06:27:43.739Z - info: Website generation complete! Total build time: 226.062s
2024-07-29T06:27:43.739Z - info: Build success!
2024-07-29T06:29:47.576Z - info: The website has been deployed at: https://nus-cs2103-ay2425s1.github.io/website
2024-07-29T11:00:13.439Z - info: Website generation (lazy) started at 7:00:05 pm
2024-07-29T11:00:28.573Z - warn: ENOENT: no such file or directory, open 'C:\repos\nus-cs2103\cs2103-website-base\cache\gh-pages\https!github.com!nus-cs2103-AY2425S1!website.git\book\_markbind\variables.md'
2024-07-29T11:00:28.575Z - warn: ENOENT: no such file or directory, open 'C:\repos\nus-cs2103\cs2103-website-base\cache\gh-pages\https!github.com!nus-cs2103-AY2425S1!website.git\_markbind\variables.md'
2024-07-29T11:00:28.652Z - info: Building assets...
2024-07-29T11:01:29.357Z - info: Assets built
2024-07-29T11:01:29.358Z - info: Generating landing page...
2024-07-29T11:01:30.258Z - info: Landing page built, other pages will be built as you navigate to them!
2024-07-29T11:01:31.616Z - info: Site data built
2024-07-29T11:01:31.616Z - info: Website generation (lazy) complete! Total build time: 86.587s
2024-07-29T11:01:31.702Z - info: Serving "C:\repos\nus-cs2103\cs2103-website-base\_site" at http://127.0.0.1:8080
2024-07-29T11:01:31.702Z - info: Press CTRL+C to stop ...
2024-07-29T11:04:30.248Z - info: [7:04:30 pm] Reload for file change: C:\repos\nus-cs2103\cs2103-website-base\book\cppToJava\misc\javaFX\text.md
2024-07-29T11:04:30.249Z - info: Synchronizing opened pages list before reload
2024-07-29T11:04:30.250Z - info: Current opened pages, from most-to-least recent:
2024-07-29T11:04:30.250Z - info: 1. index
2024-07-29T11:04:31.278Z - info: Assets built
2024-07-29T11:04:38.876Z - info: Building C:\repos\nus-cs2103\cs2103-website-base\admin\ip-w5 as some of its dependencies were changed since the last visit
2024-07-29T11:04:40.396Z - info: Site data built
2024-07-29T11:04:40.397Z - info: Lazy website regeneration complete! Total build time: 1.521s
2024-07-29T11:04:48.938Z - info: Building C:\repos\nus-cs2103\cs2103-website-base\admin\ip-w4 as some of its dependencies were changed since the last visit
2024-07-29T11:04:49.830Z - error: Invalid HTML in C:\repos\nus-cs2103\cs2103-website-base\admin\ip-w4.md.
Table must have a tbody tag. Please correct this to avoid Vue hydration issues.

2024-07-29T11:04:49.831Z - error: Invalid HTML in C:\repos\nus-cs2103\cs2103-website-base\admin\ip-w4.md.
Table must have a tbody tag. Please correct this to avoid Vue hydration issues.

2024-07-29T11:04:50.027Z - info: Site data built
2024-07-29T11:04:50.027Z - info: Lazy website regeneration complete! Total build time: 1.09s
2024-07-29T11:05:23.672Z - info: [7:05:23 pm] Reload for file change: C:\repos\nus-cs2103\cs2103-website-base\book\cppToJava\misc\javaFX\text.md
2024-07-29T11:05:23.673Z - info: Synchronizing opened pages list before reload
2024-07-29T11:05:23.673Z - info: Current opened pages, from most-to-least recent:
2024-07-29T11:05:23.674Z - info: 1. admin/ip-w4
2024-07-29T11:05:24.683Z - info: Assets built
2024-07-29T11:05:50.775Z - info: [7:05:50 pm] Reload for file change: C:\repos\nus-cs2103\cs2103-website-base\book\projectDuke\text.md
2024-07-29T11:05:50.776Z - info: Synchronizing opened pages list before reload
2024-07-29T11:05:50.776Z - info: Current opened pages, from most-to-least recent:
2024-07-29T11:05:50.777Z - info: 1. admin/ip-w4
2024-07-29T11:05:51.789Z - info: Rebuilding 1 pages
2024-07-29T11:05:53.483Z - error: Invalid HTML in C:\repos\nus-cs2103\cs2103-website-base\admin\ip-w4.md.
Table must have a tbody tag. Please correct this to avoid Vue hydration issues.

2024-07-29T11:05:53.484Z - error: Invalid HTML in C:\repos\nus-cs2103\cs2103-website-base\admin\ip-w4.md.
Table must have a tbody tag. Please correct this to avoid Vue hydration issues.

2024-07-29T11:05:53.682Z - info: Site data built
2024-07-29T11:05:53.682Z - info: Pages rebuilt
2024-07-29T11:05:53.682Z - info: Website regeneration complete! Total build time: 1.895s
2024-07-29T11:06:26.026Z - info: [7:06:26 pm] Reload for file change: C:\repos\nus-cs2103\cs2103-website-base\book\projectDuke\text.md
2024-07-29T11:06:26.026Z - info: Synchronizing opened pages list before reload
2024-07-29T11:06:26.027Z - info: Current opened pages, from most-to-least recent:
2024-07-29T11:06:26.027Z - info: 1. admin/ip-w4
2024-07-29T11:06:27.036Z - info: Rebuilding 1 pages
2024-07-29T11:06:28.301Z - error: Invalid HTML in C:\repos\nus-cs2103\cs2103-website-base\admin\ip-w4.md.
Table must have a tbody tag. Please correct this to avoid Vue hydration issues.

2024-07-29T11:06:28.302Z - error: Invalid HTML in C:\repos\nus-cs2103\cs2103-website-base\admin\ip-w4.md.
Table must have a tbody tag. Please correct this to avoid Vue hydration issues.

2024-07-29T11:06:28.488Z - info: Site data built
2024-07-29T11:06:28.489Z - info: Pages rebuilt
2024-07-29T11:06:28.489Z - info: Website regeneration complete! Total build time: 1.455s
2024-07-29T11:12:34.965Z - info: [7:12:34 pm] Reload for file change: C:\repos\nus-cs2103\cs2103-website-base\admin\ip-tasks-fragment.md
2024-07-29T11:12:34.965Z - info: Synchronizing opened pages list before reload
2024-07-29T11:12:34.966Z - info: Current opened pages, from most-to-least recent:
2024-07-29T11:12:34.966Z - info: 1. admin/ip-w5
2024-07-29T11:12:35.982Z - info: Rebuilding 1 pages
2024-07-29T11:12:37.908Z - info: Site data built
2024-07-29T11:12:37.908Z - info: Pages rebuilt
2024-07-29T11:12:37.908Z - info: Website regeneration complete! Total build time: 1.928s
2024-07-29T11:14:03.751Z - info: [7:14:03 pm] Reload for file change: C:\repos\nus-cs2103\cs2103-website-base\admin\ip-tasks-fragment.md
2024-07-29T11:14:03.752Z - info: Synchronizing opened pages list before reload
2024-07-29T11:14:03.752Z - info: Current opened pages, from most-to-least recent:
2024-07-29T11:14:03.753Z - info: 1. admin/ip-w5
2024-07-29T11:14:04.769Z - info: Rebuilding 1 pages
2024-07-29T11:14:06.278Z - info: Site data built
2024-07-29T11:14:06.279Z - info: Pages rebuilt
2024-07-29T11:14:06.280Z - info: Website regeneration complete! Total build time: 1.511s
2024-07-29T11:14:45.923Z - info: [7:14:45 pm] Reload for file change: C:\repos\nus-cs2103\cs2103-website-base\admin\ip-tasks-fragment.md
2024-07-29T11:14:45.924Z - info: Synchronizing opened pages list before reload
2024-07-29T11:14:45.925Z - info: Current opened pages, from most-to-least recent:
2024-07-29T11:14:45.926Z - info: 1. admin/ip-w5
2024-07-29T11:14:46.940Z - info: Rebuilding 1 pages
2024-07-29T11:14:48.230Z - info: Site data built
2024-07-29T11:14:48.230Z - info: Pages rebuilt
2024-07-29T11:14:48.231Z - info: Website regeneration complete! Total build time: 1.291s
2024-07-29T11:18:49.448Z - info: [7:18:49 pm] Reload for file change: C:\repos\nus-cs2103\cs2103-website-base\admin\ip-tasks-fragment.md
2024-07-29T11:18:49.449Z - info: Synchronizing opened pages list before reload
2024-07-29T11:18:49.450Z - info: Current opened pages, from most-to-least recent:
2024-07-29T11:18:49.450Z - info: 1. admin/ip-w5
2024-07-29T11:18:50.466Z - info: Rebuilding 1 pages
2024-07-29T11:18:52.082Z - info: Site data built
2024-07-29T11:18:52.082Z - info: Pages rebuilt
2024-07-29T11:18:52.082Z - info: Website regeneration complete! Total build time: 1.618s
2024-07-29T11:21:39.943Z - info: [7:21:39 pm] Reload for file change: C:\repos\nus-cs2103\cs2103-website-base\admin\ip-tasks-fragment.md
2024-07-29T11:21:39.944Z - info: Synchronizing opened pages list before reload
2024-07-29T11:21:39.944Z - info: Current opened pages, from most-to-least recent:
2024-07-29T11:21:39.945Z - info: 1. admin/ip-w5
2024-07-29T11:21:40.959Z - info: Rebuilding 1 pages
2024-07-29T11:21:42.659Z - info: Site data built
2024-07-29T11:21:42.660Z - info: Pages rebuilt
2024-07-29T11:21:42.660Z - info: Website regeneration complete! Total build time: 1.703s
2024-07-29T11:22:08.293Z - info: [7:22:08 pm] Reload for file change: C:\repos\nus-cs2103\cs2103-website-base\admin\ip-tasks-fragment.md
2024-07-29T11:22:08.294Z - info: Synchronizing opened pages list before reload
2024-07-29T11:22:08.294Z - info: Current opened pages, from most-to-least recent:
2024-07-29T11:22:08.294Z - info: 1. admin/ip-w5
2024-07-29T11:22:09.307Z - info: Rebuilding 1 pages
2024-07-29T11:22:10.680Z - info: Site data built
2024-07-29T11:22:10.681Z - info: Pages rebuilt
2024-07-29T11:22:10.681Z - info: Website regeneration complete! Total build time: 1.376s
2024-07-29T11:25:40.036Z - info: [7:25:40 pm] Reload for file change: C:\repos\nus-cs2103\cs2103-website-base\admin\ip-tasks-fragment.md
2024-07-29T11:25:40.037Z - info: Synchronizing opened pages list before reload
2024-07-29T11:25:40.037Z - info: Current opened pages, from most-to-least recent:
2024-07-29T11:25:40.038Z - info: 1. admin/ip-w5
2024-07-29T11:25:41.055Z - info: Rebuilding 1 pages
2024-07-29T11:25:42.605Z - info: Site data built
2024-07-29T11:25:42.606Z - info: Pages rebuilt
2024-07-29T11:25:42.606Z - info: Website regeneration complete! Total build time: 1.553s
2024-07-29T11:27:38.314Z - info: [7:27:38 pm] Reload for file change: C:\repos\nus-cs2103\cs2103-website-base\admin\ip-tasks-fragment.md
2024-07-29T11:27:38.317Z - info: Synchronizing opened pages list before reload
2024-07-29T11:27:38.317Z - info: Current opened pages, from most-to-least recent:
2024-07-29T11:27:38.318Z - info: 1. admin/ip-w5
2024-07-29T11:27:39.328Z - info: Rebuilding 1 pages
2024-07-29T11:27:40.708Z - info: Site data built
2024-07-29T11:27:40.709Z - info: Pages rebuilt
2024-07-29T11:27:40.709Z - info: Website regeneration complete! Total build time: 1.383s
2024-07-29T11:47:40.266Z - info: [7:47:40 pm] Reload for file change: C:\repos\nus-cs2103\cs2103-website-base\_course-CS2103\weeklyAdminTopics-fragment.md
2024-07-29T11:47:40.267Z - info: Synchronizing opened pages list before reload
2024-07-29T11:47:40.267Z - info: Current opened pages, from most-to-least recent:
2024-07-29T11:47:40.267Z - info: 1. admin/ip-w5
2024-07-29T11:47:41.506Z - info: Rebuilding 1 pages
2024-07-29T11:47:42.480Z - info: Site data built
2024-07-29T11:47:42.480Z - info: Pages rebuilt
2024-07-29T11:47:42.481Z - info: Website regeneration complete! Total build time: 0.976s
2024-07-29T11:47:46.586Z - info: Building C:\repos\nus-cs2103\cs2103-website-base\admin\appendixF-teamworkIssues as some of its dependencies were changed since the last visit
2024-07-29T11:47:46.756Z - info: Site data built
2024-07-29T11:47:46.757Z - info: Lazy website regeneration complete! Total build time: 0.171s
2024-07-29T11:47:57.197Z - info: Building C:\repos\nus-cs2103\cs2103-website-base\admin\appendixE-gitHub as some of its dependencies were changed since the last visit
2024-07-29T11:47:57.684Z - info: Site data built
2024-07-29T11:47:57.685Z - info: Lazy website regeneration complete! Total build time: 0.488s
2024-07-29T11:48:49.183Z - info: [7:48:49 pm] Reload for file change: C:\repos\nus-cs2103\cs2103-website-base\admin\appendixE-gitHub.md
2024-07-29T11:48:49.184Z - info: Synchronizing opened pages list before reload
2024-07-29T11:48:49.184Z - info: Current opened pages, from most-to-least recent:
2024-07-29T11:48:49.184Z - info: 1. admin/appendixE-gitHub
2024-07-29T11:48:50.200Z - info: Rebuilding 1 pages
2024-07-29T11:48:50.736Z - info: Site data built
2024-07-29T11:48:50.737Z - info: Pages rebuilt
2024-07-29T11:48:50.737Z - info: Website regeneration complete! Total build time: 0.538s
2024-07-29T11:51:33.447Z - info: [7:51:33 pm] Reload for file change: C:\repos\nus-cs2103\cs2103-website-base\schedule\week7\commentary-cs2103-fragment.md
2024-07-29T11:51:33.447Z - info: Synchronizing opened pages list before reload
2024-07-29T11:51:33.448Z - info: Current opened pages, from most-to-least recent:
2024-07-29T11:51:33.448Z - info: 1. admin/appendixE-gitHub
2024-07-29T11:51:33.483Z - info: [7:51:33 pm] Reload for file change: C:\repos\nus-cs2103\cs2103-website-base\book\codeQuality\followStandard\introduction\text.md
2024-07-29T11:51:33.484Z - info: Synchronizing opened pages list before reload
2024-07-29T11:51:33.484Z - info: Current opened pages, from most-to-least recent:
2024-07-29T11:51:33.484Z - info: 1. admin/appendixE-gitHub
2024-07-29T11:51:33.507Z - info: [7:51:33 pm] Reload for file change: C:\repos\nus-cs2103\cs2103-website-base\schedule\week4\commentary-cs2103-fragment.md
2024-07-29T11:51:33.507Z - info: Synchronizing opened pages list before reload
2024-07-29T11:51:33.507Z - info: Current opened pages, from most-to-least recent:
2024-07-29T11:51:33.507Z - info: 1. admin/appendixE-gitHub
2024-07-29T11:51:33.531Z - info: [7:51:33 pm] Reload for file change: C:\repos\nus-cs2103\cs2103-website-base\book\designPatterns\singleton\evaluation\text.md
2024-07-29T11:51:33.531Z - info: Synchronizing opened pages list before reload
2024-07-29T11:51:33.532Z - info: Current opened pages, from most-to-least recent:
2024-07-29T11:51:33.532Z - info: 1. admin/appendixE-gitHub
2024-07-29T11:51:33.574Z - info: [7:51:33 pm] Reload for file change: C:\repos\nus-cs2103\cs2103-website-base\admin\tp-constraints.md
2024-07-29T11:51:33.574Z - info: Synchronizing opened pages list before reload
2024-07-29T11:51:33.575Z - info: Current opened pages, from most-to-least recent:
2024-07-29T11:51:33.575Z - info: 1. admin/appendixE-gitHub
2024-07-29T11:51:33.607Z - info: [7:51:33 pm] Reload for file change: C:\repos\nus-cs2103\cs2103-website-base\book\refactoring\when\text.md
2024-07-29T11:51:33.607Z - info: Synchronizing opened pages list before reload
2024-07-29T11:51:33.608Z - info: Current opened pages, from most-to-least recent:
2024-07-29T11:51:33.608Z - info: 1. admin/appendixE-gitHub
2024-07-29T11:51:33.636Z - info: [7:51:33 pm] Reload for file change: C:\repos\nus-cs2103\cs2103-website-base\admin\faq-fragment.md
2024-07-29T11:51:33.636Z - info: Synchronizing opened pages list before reload
2024-07-29T11:51:33.637Z - info: Current opened pages, from most-to-least recent:
2024-07-29T11:51:33.637Z - info: 1. admin/appendixE-gitHub
2024-07-29T11:51:33.686Z - info: [7:51:33 pm] Reload for file change: C:\repos\nus-cs2103\cs2103-website-base\admin\tp-tasks-fragment.md
2024-07-29T11:51:33.687Z - info: Synchronizing opened pages list before reload
2024-07-29T11:51:33.687Z - info: Current opened pages, from most-to-least recent:
2024-07-29T11:51:33.687Z - info: 1. admin/appendixE-gitHub
2024-07-29T11:51:33.724Z - info: [7:51:33 pm] Reload for file change: C:\repos\nus-cs2103\cs2103-website-base\admin\overview-for-teachers.md
2024-07-29T11:51:33.725Z - info: Synchronizing opened pages list before reload
2024-07-29T11:51:33.725Z - info: Current opened pages, from most-to-least recent:
2024-07-29T11:51:33.725Z - info: 1. admin/appendixE-gitHub
2024-07-29T11:51:33.760Z - info: [7:51:33 pm] Reload for file change: C:\repos\nus-cs2103\cs2103-website-base\admin\common-tutorials-fragment.md
2024-07-29T11:51:33.760Z - info: Synchronizing opened pages list before reload
2024-07-29T11:51:33.760Z - info: Current opened pages, from most-to-least recent:
2024-07-29T11:51:33.760Z - info: 1. admin/appendixE-gitHub
2024-07-29T11:51:33.777Z - info: [7:51:33 pm] Reload for file change: C:\repos\nus-cs2103\cs2103-website-base\book\specifyingRequirements\prose\what\text.md
2024-07-29T11:51:33.777Z - info: Synchronizing opened pages list before reload
2024-07-29T11:51:33.778Z - info: Current opened pages, from most-to-least recent:
2024-07-29T11:51:33.778Z - info: 1. admin/appendixE-gitHub
2024-07-29T11:51:33.805Z - info: [7:51:33 pm] Reload for file change: C:\repos\nus-cs2103\cs2103-website-base\admin\appendixG-CS2103R.md
2024-07-29T11:51:33.805Z - info: Synchronizing opened pages list before reload
2024-07-29T11:51:33.806Z - info: Current opened pages, from most-to-least recent:
2024-07-29T11:51:33.806Z - info: 1. admin/appendixE-gitHub
2024-07-29T11:51:33.841Z - info: [7:51:33 pm] Reload for file change: C:\repos\nus-cs2103\cs2103-website-base\admin\common-commentary-fragment.md
2024-07-29T11:51:33.841Z - info: Synchronizing opened pages list before reload
2024-07-29T11:51:33.841Z - info: Current opened pages, from most-to-least recent:
2024-07-29T11:51:33.842Z - info: 1. admin/appendixE-gitHub
2024-07-29T11:51:33.882Z - info: [7:51:33 pm] Reload for file change: C:\repos\nus-cs2103\cs2103-website-base\admin\tp-expectations.md
2024-07-29T11:51:33.883Z - info: Synchronizing opened pages list before reload
2024-07-29T11:51:33.883Z - info: Current opened pages, from most-to-least recent:
2024-07-29T11:51:33.883Z - info: 1. admin/appendixE-gitHub
2024-07-29T11:51:34.460Z - info: Assets built
2024-07-29T11:51:34.582Z - info: No pages needed to be rebuilt
2024-07-29T13:36:09.875Z - info: Website generation (lazy) started at 9:35:53 pm
2024-07-29T13:36:21.895Z - warn: ENOENT: no such file or directory, open 'C:\repos\nus-cs2103\cs2103-website-base\cache\gh-pages\https!github.com!nus-cs2103-AY2425S1!website.git\book\_markbind\variables.md'
2024-07-29T13:36:21.901Z - warn: ENOENT: no such file or directory, open 'C:\repos\nus-cs2103\cs2103-website-base\cache\gh-pages\https!github.com!nus-cs2103-AY2425S1!website.git\_markbind\variables.md'
2024-07-29T13:36:22.089Z - info: Building assets...
2024-07-29T13:37:19.232Z - info: Assets built
2024-07-29T13:37:19.233Z - info: Generating landing page...
2024-07-29T13:37:20.192Z - info: Landing page built, other pages will be built as you navigate to them!
2024-07-29T13:37:21.610Z - info: Site data built
2024-07-29T13:37:21.610Z - info: Website generation (lazy) complete! Total build time: 88.097s
2024-07-29T13:37:22.072Z - info: Serving "C:\repos\nus-cs2103\cs2103-website-base\_site" at http://127.0.0.1:8080
2024-07-29T13:37:22.072Z - info: Press CTRL+C to stop ...
2024-07-29T13:37:39.256Z - info: [9:37:39 pm] Reload for file change: C:\repos\nus-cs2103\cs2103-website-base\admin\tools.md
2024-07-29T13:37:39.257Z - info: Synchronizing opened pages list before reload
2024-07-29T13:37:39.258Z - info: No pages are currently opened
2024-07-29T13:37:40.592Z - info: No pages needed to be rebuilt
2024-07-29T13:37:54.454Z - info: Building C:\repos\nus-cs2103\cs2103-website-base\admin\tools as some of its dependencies were changed since the last visit
2024-07-29T13:37:54.926Z - info: Site data built
2024-07-29T13:37:54.926Z - info: Lazy website regeneration complete! Total build time: 0.472s
2024-07-29T13:38:09.387Z - info: Building C:\repos\nus-cs2103\cs2103-website-base\admin\participation as some of its dependencies were changed since the last visit
2024-07-29T13:38:09.803Z - info: Site data built
2024-07-29T13:38:09.804Z - info: Lazy website regeneration complete! Total build time: 0.418s
2024-07-29T13:40:33.708Z - info: [9:40:33 pm] Reload for file change: C:\repos\nus-cs2103\cs2103-website-base\admin\ip-grading.md
2024-07-29T13:40:33.710Z - info: Synchronizing opened pages list before reload
2024-07-29T13:40:33.711Z - info: Current opened pages, from most-to-least recent:
2024-07-29T13:40:33.712Z - info: 1. admin/participation
2024-07-29T13:40:34.717Z - info: No pages needed to be rebuilt
2024-07-29T13:40:41.314Z - info: Building C:\repos\nus-cs2103\cs2103-website-base\admin\ip-grading as some of its dependencies were changed since the last visit
2024-07-29T13:40:41.682Z - info: Site data built
2024-07-29T13:40:41.683Z - info: Lazy website regeneration complete! Total build time: 0.369s
2024-07-29T13:41:00.399Z - info: [9:41:00 pm] Reload for file change: C:\repos\nus-cs2103\cs2103-website-base\admin\ip-grading.md
2024-07-29T13:41:00.399Z - info: Synchronizing opened pages list before reload
2024-07-29T13:41:00.399Z - info: Current opened pages, from most-to-least recent:
2024-07-29T13:41:00.399Z - info: 1. admin/ip-grading
2024-07-29T13:41:01.405Z - info: Rebuilding 1 pages
2024-07-29T13:41:01.586Z - info: Site data built
2024-07-29T13:41:01.586Z - info: Pages rebuilt
2024-07-29T13:41:01.586Z - info: Website regeneration complete! Total build time: 0.182s
2024-07-29T13:41:25.144Z - info: [9:41:25 pm] Reload for file change: C:\repos\nus-cs2103\cs2103-website-base\admin\ip-grading.md
2024-07-29T13:41:25.145Z - info: Synchronizing opened pages list before reload
2024-07-29T13:41:25.145Z - info: Current opened pages, from most-to-least recent:
2024-07-29T13:41:25.146Z - info: 1. admin/ip-grading
2024-07-29T13:41:26.153Z - info: Rebuilding 1 pages
2024-07-29T13:41:26.378Z - info: Site data built
2024-07-29T13:41:26.379Z - info: Pages rebuilt
2024-07-29T13:41:26.380Z - info: Website regeneration complete! Total build time: 0.227s
2024-07-29T13:43:03.267Z - info: [9:43:03 pm] Reload for file change: C:\repos\nus-cs2103\cs2103-website-base\book\projectDuke\text.md
2024-07-29T13:43:03.267Z - info: Synchronizing opened pages list before reload
2024-07-29T13:43:03.267Z - info: Current opened pages, from most-to-least recent:
2024-07-29T13:43:03.268Z - info: 1. admin/ip-grading
2024-07-29T13:43:04.271Z - info: Assets built
2024-07-29T13:44:08.635Z - info: [9:44:08 pm] Reload for file change: C:\repos\nus-cs2103\cs2103-website-base\book\projectDuke\text.md
2024-07-29T13:44:08.636Z - info: Synchronizing opened pages list before reload
2024-07-29T13:44:08.636Z - info: Current opened pages, from most-to-least recent:
2024-07-29T13:44:08.636Z - info: 1. admin/ip-grading
2024-07-29T13:44:09.641Z - info: Assets built
2024-07-29T13:46:33.361Z - info: [9:46:33 pm] Reload for file change: C:\repos\nus-cs2103\cs2103-website-base\admin\appendixD-help.md
2024-07-29T13:46:33.361Z - info: Synchronizing opened pages list before reload
2024-07-29T13:46:33.362Z - info: Current opened pages, from most-to-least recent:
2024-07-29T13:46:33.362Z - info: 1. admin/ip-grading
2024-07-29T13:46:34.380Z - info: No pages needed to be rebuilt
2024-07-29T13:46:39.806Z - info: Building C:\repos\nus-cs2103\cs2103-website-base\admin\tutorials as some of its dependencies were changed since the last visit
2024-07-29T13:46:40.359Z - info: Site data built
2024-07-29T13:46:40.359Z - info: Lazy website regeneration complete! Total build time: 0.554s
2024-07-29T13:47:59.501Z - info: [9:47:59 pm] Reload for file change: C:\repos\nus-cs2103\cs2103-website-base\admin\appendixD-help.md
2024-07-29T13:47:59.501Z - info: Synchronizing opened pages list before reload
2024-07-29T13:47:59.502Z - info: Current opened pages, from most-to-least recent:
2024-07-29T13:47:59.504Z - info: 1. admin/tutorials
2024-07-29T13:48:00.511Z - info: Rebuilding 1 pages
2024-07-29T13:48:01.032Z - info: Site data built
2024-07-29T13:48:01.032Z - info: Pages rebuilt
2024-07-29T13:48:01.032Z - info: Website regeneration complete! Total build time: 0.523s
2024-07-29T13:56:55.280Z - info: [9:56:55 pm] Reload for file change: C:\repos\nus-cs2103\cs2103-website-base\admin\programmingLanguages.md
2024-07-29T13:56:55.281Z - info: Synchronizing opened pages list before reload
2024-07-29T13:56:55.281Z - info: Current opened pages, from most-to-least recent:
2024-07-29T13:56:55.281Z - info: 1. admin/tutorials
2024-07-29T13:56:56.296Z - info: No pages needed to be rebuilt
2024-07-29T13:57:08.370Z - info: Building C:\repos\nus-cs2103\cs2103-website-base\admin\programmingLanguages as some of its dependencies were changed since the last visit
2024-07-29T13:57:08.636Z - info: Site data built
2024-07-29T13:57:08.637Z - info: Lazy website regeneration complete! Total build time: 0.268s
2024-07-29T13:57:26.154Z - info: [9:57:26 pm] Reload for file change: C:\repos\nus-cs2103\cs2103-website-base\admin\programmingLanguages.md
2024-07-29T13:57:26.154Z - info: Synchronizing opened pages list before reload
2024-07-29T13:57:26.155Z - info: Current opened pages, from most-to-least recent:
2024-07-29T13:57:26.155Z - info: 1. admin/programmingLanguages
2024-07-29T13:57:27.172Z - info: Rebuilding 1 pages
2024-07-29T13:57:27.379Z - info: Site data built
2024-07-29T13:57:27.379Z - info: Pages rebuilt
2024-07-29T13:57:27.380Z - info: Website regeneration complete! Total build time: 0.209s
2024-07-29T13:58:11.810Z - info: [9:58:11 pm] Reload for file change: C:\repos\nus-cs2103\cs2103-website-base\admin\programmingLanguages.md
2024-07-29T13:58:11.811Z - info: Synchronizing opened pages list before reload
2024-07-29T13:58:11.811Z - info: Current opened pages, from most-to-least recent:
2024-07-29T13:58:11.811Z - info: 1. admin/programmingLanguages
2024-07-29T13:58:12.817Z - info: Rebuilding 1 pages
2024-07-29T13:58:13.076Z - info: Site data built
2024-07-29T13:58:13.076Z - info: Pages rebuilt
2024-07-29T13:58:13.076Z - info: Website regeneration complete! Total build time: 0.26s
2024-07-29T14:15:42.910Z - info: Building C:\repos\nus-cs2103\cs2103-website-base\admin\appendixC-faq as some of its dependencies were changed since the last visit
2024-07-29T14:15:43.487Z - info: Site data built
2024-07-29T14:15:43.489Z - info: Lazy website regeneration complete! Total build time: 0.578s
2024-07-29T14:28:26.279Z - info: [10:28:26 pm] Reload for file change: C:\repos\nus-cs2103\cs2103-website-base\admin\faq-fragment.md
2024-07-29T14:28:26.280Z - info: Synchronizing opened pages list before reload
2024-07-29T14:28:26.280Z - info: Current opened pages, from most-to-least recent:
2024-07-29T14:28:26.281Z - info: 1. admin/appendixC-faq
2024-07-29T14:28:26.301Z - info: [10:28:26 pm] Reload for file change: C:\repos\nus-cs2103\cs2103-website-base\admin\appendixC-faq.md
2024-07-29T14:28:26.302Z - info: Synchronizing opened pages list before reload
2024-07-29T14:28:26.302Z - info: Current opened pages, from most-to-least recent:
2024-07-29T14:28:26.303Z - info: 1. admin/appendixC-faq
2024-07-29T14:28:27.291Z - info: Rebuilding 1 pages
2024-07-29T14:28:27.671Z - info: Site data built
2024-07-29T14:28:27.671Z - info: Pages rebuilt
2024-07-29T14:28:27.671Z - info: Website regeneration complete! Total build time: 0.381s
2024-07-29T14:28:28.724Z - info: Building C:\repos\nus-cs2103\cs2103-website-base\schedule\week3\index as some of its dependencies were changed since the last visit
2024-07-29T14:28:30.208Z - info: Site data built
2024-07-29T14:28:30.208Z - info: Lazy website regeneration complete! Total build time: 1.484s
2024-07-29T14:28:34.891Z - info: Building C:\repos\nus-cs2103\cs2103-website-base\schedule\week3\admin as some of its dependencies were changed since the last visit
2024-07-29T14:28:35.720Z - info: Site data built
2024-07-29T14:28:35.720Z - info: Lazy website regeneration complete! Total build time: 0.83s
2024-07-29T14:28:50.962Z - info: Building C:\repos\nus-cs2103\cs2103-website-base\schedule\week2\admin as some of its dependencies were changed since the last visit
2024-07-29T14:28:51.660Z - info: Site data built
2024-07-29T14:28:51.660Z - info: Lazy website regeneration complete! Total build time: 0.698s
2024-07-29T14:39:53.190Z - info: [10:39:53 pm] Reload for file change: C:\repos\nus-cs2103\cs2103-website-base\admin\faq-fragment.md
2024-07-29T14:39:53.191Z - info: Synchronizing opened pages list before reload
2024-07-29T14:39:53.191Z - info: Current opened pages, from most-to-least recent:
2024-07-29T14:39:53.191Z - info: 1. schedule/week2/admin
2024-07-29T14:39:53.217Z - info: [10:39:53 pm] Reload for file change: C:\repos\nus-cs2103\cs2103-website-base\common\macros.njk
2024-07-29T14:39:53.217Z - info: Synchronizing opened pages list before reload
2024-07-29T14:39:53.218Z - info: Current opened pages, from most-to-least recent:
2024-07-29T14:39:53.218Z - info: 1. schedule/week2/admin
2024-07-29T14:39:53.243Z - info: [10:39:53 pm] Reload for file change: C:\repos\nus-cs2103\cs2103-website-base\admin\appendixC-faq.md
2024-07-29T14:39:53.243Z - info: Synchronizing opened pages list before reload
2024-07-29T14:39:53.243Z - info: Current opened pages, from most-to-least recent:
2024-07-29T14:39:53.243Z - info: 1. schedule/week2/admin
2024-07-29T14:39:54.442Z - info: Rebuilding 1 pages
2024-07-29T14:39:55.263Z - info: Site data built
2024-07-29T14:39:55.263Z - info: Pages rebuilt
2024-07-29T14:39:55.264Z - info: Website regeneration complete! Total build time: 0.824s
2024-07-29T14:39:58.805Z - info: Building C:\repos\nus-cs2103\cs2103-website-base\admin\index as some of its dependencies were changed since the last visit
2024-07-29T14:39:59.094Z - info: Site data built
2024-07-29T14:39:59.094Z - info: Lazy website regeneration complete! Total build time: 0.289s
2024-07-29T14:40:25.004Z - info: Building C:\repos\nus-cs2103\cs2103-website-base\admin\appendixC-faq as some of its dependencies were changed since the last visit
2024-07-29T14:40:25.377Z - info: Site data built
2024-07-29T14:40:25.377Z - info: Lazy website regeneration complete! Total build time: 0.373s
2024-07-29T14:41:07.874Z - info: [10:41:07 pm] Reload for file change: C:\repos\nus-cs2103\cs2103-website-base\common\macros.njk
2024-07-29T14:41:07.874Z - info: Synchronizing opened pages list before reload
2024-07-29T14:41:07.875Z - info: Current opened pages, from most-to-least recent:
2024-07-29T14:41:07.875Z - info: 1. admin/appendixC-faq
2024-07-29T14:41:09.032Z - info: Rebuilding 1 pages
2024-07-29T14:41:09.277Z - info: Site data built
2024-07-29T14:41:09.277Z - info: Pages rebuilt
2024-07-29T14:41:09.277Z - info: Website regeneration complete! Total build time: 0.246s
2024-07-29T14:44:00.757Z - info: [10:44:00 pm] Reload for file change: C:\repos\nus-cs2103\cs2103-website-base\common\macros.njk
2024-07-29T14:44:00.757Z - info: Synchronizing opened pages list before reload
2024-07-29T14:44:00.758Z - info: Current opened pages, from most-to-least recent:
2024-07-29T14:44:00.758Z - info: 1. admin/appendixC-faq
2024-07-29T14:44:01.973Z - info: Rebuilding 1 pages
2024-07-29T14:44:02.223Z - info: Site data built
2024-07-29T14:44:02.223Z - info: Pages rebuilt
2024-07-29T14:44:02.223Z - info: Website regeneration complete! Total build time: 0.251s
2024-07-29T14:44:05.730Z - info: [10:44:05 pm] Reload for file change: C:\repos\nus-cs2103\cs2103-website-base\common\macros.njk
2024-07-29T14:44:05.730Z - info: Synchronizing opened pages list before reload
2024-07-29T14:44:05.731Z - info: Current opened pages, from most-to-least recent:
2024-07-29T14:44:05.731Z - info: 1. admin/appendixC-faq
2024-07-29T14:44:06.870Z - info: Rebuilding 1 pages
2024-07-29T14:44:07.049Z - info: Site data built
2024-07-29T14:44:07.049Z - info: Pages rebuilt
2024-07-29T14:44:07.049Z - info: Website regeneration complete! Total build time: 0.18s
2024-07-29T14:44:28.147Z - info: [10:44:28 pm] Reload for file change: C:\repos\nus-cs2103\cs2103-website-base\common\macros.njk
2024-07-29T14:44:28.147Z - info: Synchronizing opened pages list before reload
2024-07-29T14:44:28.148Z - info: Current opened pages, from most-to-least recent:
2024-07-29T14:44:28.148Z - info: 1. admin/appendixC-faq
2024-07-29T14:44:28.180Z - info: [10:44:28 pm] Reload for file change: C:\repos\nus-cs2103\cs2103-website-base\admin\appendixC-faq.md
2024-07-29T14:44:28.180Z - info: Synchronizing opened pages list before reload
2024-07-29T14:44:28.181Z - info: Current opened pages, from most-to-least recent:
2024-07-29T14:44:28.181Z - info: 1. admin/appendixC-faq
2024-07-29T14:44:29.292Z - info: Rebuilding 1 pages
2024-07-29T14:44:29.499Z - info: Site data built
2024-07-29T14:44:29.500Z - info: Pages rebuilt
2024-07-29T14:44:29.500Z - info: Website regeneration complete! Total build time: 0.209s
2024-07-29T14:44:44.501Z - info: [10:44:44 pm] Reload for file change: C:\repos\nus-cs2103\cs2103-website-base\admin\appendixC-faq.md
2024-07-29T14:44:44.502Z - info: Synchronizing opened pages list before reload
2024-07-29T14:44:44.502Z - info: Current opened pages, from most-to-least recent:
2024-07-29T14:44:44.502Z - info: 1. admin/appendixC-faq
2024-07-29T14:44:45.509Z - info: Rebuilding 1 pages
2024-07-29T14:44:45.868Z - info: Site data built
2024-07-29T14:44:45.869Z - info: Pages rebuilt
2024-07-29T14:44:45.869Z - info: Website regeneration complete! Total build time: 0.36s
2024-07-29T14:45:49.059Z - info: [10:45:49 pm] Reload for file change: C:\repos\nus-cs2103\cs2103-website-base\common\macros.njk
2024-07-29T14:45:49.059Z - info: Synchronizing opened pages list before reload
2024-07-29T14:45:49.060Z - info: Current opened pages, from most-to-least recent:
2024-07-29T14:45:49.060Z - info: 1. admin/appendixC-faq
2024-07-29T14:45:49.086Z - info: [10:45:49 pm] Reload for file change: C:\repos\nus-cs2103\cs2103-website-base\admin\appendixC-faq.md
2024-07-29T14:45:49.086Z - info: Synchronizing opened pages list before reload
2024-07-29T14:45:49.086Z - info: Current opened pages, from most-to-least recent:
2024-07-29T14:45:49.087Z - info: 1. admin/appendixC-faq
2024-07-29T14:45:50.226Z - info: Rebuilding 1 pages
2024-07-29T14:45:50.452Z - info: Site data built
2024-07-29T14:45:50.452Z - info: Pages rebuilt
2024-07-29T14:45:50.453Z - info: Website regeneration complete! Total build time: 0.228s
2024-07-29T14:47:02.078Z - info: Building C:\repos\nus-cs2103\cs2103-website-base\admin\tutorials as some of its dependencies were changed since the last visit
2024-07-29T14:47:02.565Z - info: Site data built
2024-07-29T14:47:02.566Z - info: Lazy website regeneration complete! Total build time: 0.488s
2024-07-29T14:47:10.300Z - info: Building C:\repos\nus-cs2103\cs2103-website-base\admin\participation as some of its dependencies were changed since the last visit
2024-07-29T14:47:10.525Z - info: Site data built
2024-07-29T14:47:10.525Z - info: Lazy website regeneration complete! Total build time: 0.225s
2024-07-29T14:49:03.835Z - info: [10:49:03 pm] Reload for file change: C:\repos\nus-cs2103\cs2103-website-base\admin\faq-fragment.md
2024-07-29T14:49:03.836Z - info: Synchronizing opened pages list before reload
2024-07-29T14:49:03.836Z - info: Current opened pages, from most-to-least recent:
2024-07-29T14:49:03.836Z - info: 1. schedule/week2/admin
2024-07-29T14:49:04.853Z - info: Rebuilding 1 pages
2024-07-29T14:49:05.621Z - info: Site data built
2024-07-29T14:49:05.621Z - info: Pages rebuilt
2024-07-29T14:49:05.621Z - info: Website regeneration complete! Total build time: 0.771s
2024-07-29T14:50:43.290Z - info: [10:50:43 pm] Reload for file change: C:\repos\nus-cs2103\cs2103-website-base\admin\admin-tasks-fragment.md
2024-07-29T14:50:43.291Z - info: Synchronizing opened pages list before reload
2024-07-29T14:50:43.291Z - info: Current opened pages, from most-to-least recent:
2024-07-29T14:50:43.291Z - info: 1. schedule/week2/admin
2024-07-29T14:50:44.312Z - info: Rebuilding 1 pages
2024-07-29T14:50:44.466Z - error:  Template render error: (C:\repos\nus-cs2103\cs2103-website-base\schedule\week2\admin.md)
  Template render error: (C:\repos\nus-cs2103\cs2103-website-base\schedule\week2\admin.md)
  Template render error: (C:\repos\nus-cs2103\cs2103-website-base\schedule\week2\admin.md)
  Template render error: (C:\repos\nus-cs2103\cs2103-website-base\schedule\week2\admin.md)
  Template render error: (C:\repos\nus-cs2103\cs2103-website-base\schedule\week2\admin.md)
  Template render error: (C:\repos\nus-cs2103\cs2103-website-base\schedule\week2\admin.md)
  Template render error: (C:\repos\nus-cs2103\cs2103-website-base\schedule\week2\admin.md)
  Template render error: (C:\repos\nus-cs2103\cs2103-website-base\schedule\week2\admin.md)
  Template render error: (C:\repos\nus-cs2103\cs2103-website-base\schedule\week2\admin.md)
  Template render error: (C:\repos\nus-cs2103\cs2103-website-base\schedule\week2\admin.md)
  Template render error: (C:\repos\nus-cs2103\cs2103-website-base\schedule\week2\admin.md)
  Template render error: (C:\repos\nus-cs2103\cs2103-website-base\schedule\week2\admin.md)
  Template render error: (C:\repos\nus-cs2103\cs2103-website-base\schedule\week2\admin.md)
  Template render error: (C:\repos\nus-cs2103\cs2103-website-base\schedule\week2\admin.md)
  Template render error: (C:\repos\nus-cs2103\cs2103-website-base\schedule\week2\admin.md)
  Template render error: (C:\repos\nus-cs2103\cs2103-website-base\schedule\week2\admin.md) [Line 61, Column 49]
  Template render error: (C:\repos\nus-cs2103\cs2103-website-base\schedule\week2\admin.md)
  Template render error: (C:\repos\nus-cs2103\cs2103-website-base\schedule\week2\admin.md)
  Template render error: (C:\repos\nus-cs2103\cs2103-website-base\schedule\week2\admin.md)
  Template render error: (C:\repos\nus-cs2103\cs2103-website-base\schedule\week2\admin.md)
  Template render error: (C:\repos\nus-cs2103\cs2103-website-base\schedule\week2\admin.md)
  Template render error: (C:\repos\nus-cs2103\cs2103-website-base\schedule\week2\admin.md)
  Template render error: (C:\repos\nus-cs2103\cs2103-website-base\schedule\week2\admin.md)
  Error: cannot import 'show_faq_2'
    at Object._prettifyError (C:\Users\dcsdcr\AppData\Roaming\npm\node_modules\markbind-cli\node_modules\nunjucks\src\lib.js:32:11)
    at C:\Users\dcsdcr\AppData\Roaming\npm\node_modules\markbind-cli\node_modules\@markbind\core\src\patches\nunjucks\context-overrides-frame.js:383:17
    at Template.root [as rootRenderFunc] (eval at _compile (C:\Users\dcsdcr\AppData\Roaming\npm\node_modules\markbind-cli\node_modules\nunjucks\src\environment.js:527:18), <anonymous>:29:3)
    at Template.render (C:\Users\dcsdcr\AppData\Roaming\npm\node_modules\markbind-cli\node_modules\@markbind\core\src\patches\nunjucks\context-overrides-frame.js:372:8)
    at C:\Users\dcsdcr\AppData\Roaming\npm\node_modules\markbind-cli\node_modules\@markbind\core\src\patches\nunjucks\context-overrides-frame.js:54:25
    at createTemplate (C:\Users\dcsdcr\AppData\Roaming\npm\node_modules\markbind-cli\node_modules\@markbind\core\src\patches\nunjucks\load-event.js:121:7)
    at handle (C:\Users\dcsdcr\AppData\Roaming\npm\node_modules\markbind-cli\node_modules\@markbind\core\src\patches\nunjucks\load-event.js:133:9)
    at C:\Users\dcsdcr\AppData\Roaming\npm\node_modules\markbind-cli\node_modules\@markbind\core\src\patches\nunjucks\load-event.js:145:7
    at next (C:\Users\dcsdcr\AppData\Roaming\npm\node_modules\markbind-cli\node_modules\nunjucks\src\lib.js:258:7)
    at Object.asyncIter (C:\Users\dcsdcr\AppData\Roaming\npm\node_modules\markbind-cli\node_modules\nunjucks\src\lib.js:263:3)
    at Environment.getTemplate (C:\Users\dcsdcr\AppData\Roaming\npm\node_modules\markbind-cli\node_modules\@markbind\core\src\patches\nunjucks\load-event.js:127:7)
    at Environment.render (C:\Users\dcsdcr\AppData\Roaming\npm\node_modules\markbind-cli\node_modules\@markbind\core\src\patches\nunjucks\context-overrides-frame.js:48:8)
    at VariableRenderer.renderFile (C:\Users\dcsdcr\AppData\Roaming\npm\node_modules\markbind-cli\node_modules\@markbind\core\src\variables\VariableRenderer.js:73:24)
    at VariableProcessor.renderWithSiteVariables (C:\Users\dcsdcr\AppData\Roaming\npm\node_modules\markbind-cli\node_modules\@markbind\core\src\variables\VariableProcessor.js:154:57)
    at Page.<anonymous> (C:\Users\dcsdcr\AppData\Roaming\npm\node_modules\markbind-cli\node_modules\@markbind\core\src\Page\index.js:494:45)
    at Generator.next (<anonymous>)
2024-07-29T14:50:44.467Z - warn:  Error: Error while generating C:\repos\nus-cs2103\cs2103-website-base\schedule\week2\admin.md
    at Site.<anonymous> (C:\Users\dcsdcr\AppData\Roaming\npm\node_modules\markbind-cli\node_modules\@markbind\core\src\Site\index.js:927:27)
    at Generator.throw (<anonymous>)
    at rejected (C:\Users\dcsdcr\AppData\Roaming\npm\node_modules\markbind-cli\node_modules\@markbind\core\src\Site\index.js:29:65)
2024-07-29T14:51:20.379Z - info: [10:51:20 pm] Reload for file change: C:\repos\nus-cs2103\cs2103-website-base\admin\admin-tasks-fragment.md
2024-07-29T14:51:20.379Z - info: Synchronizing opened pages list before reload
2024-07-29T14:51:20.380Z - info: Current opened pages, from most-to-least recent:
2024-07-29T14:51:20.380Z - info: 1. schedule/week2/admin
2024-07-29T14:51:21.396Z - info: No pages needed to be rebuilt
2024-07-29T14:51:48.544Z - info: [10:51:48 pm] Reload for file change: C:\repos\nus-cs2103\cs2103-website-base\admin\admin-tasks-fragment.md
2024-07-29T14:51:48.544Z - info: Synchronizing opened pages list before reload
2024-07-29T14:51:48.545Z - info: Current opened pages, from most-to-least recent:
2024-07-29T14:51:48.545Z - info: 1. schedule/week2/admin
2024-07-29T14:51:49.563Z - info: No pages needed to be rebuilt
2024-07-29T14:51:54.121Z - info: [10:51:54 pm] Reload for file change: C:\repos\nus-cs2103\cs2103-website-base\admin\admin-tasks-fragment.md
2024-07-29T14:51:54.123Z - info: Synchronizing opened pages list before reload
2024-07-29T14:51:54.123Z - info: Current opened pages, from most-to-least recent:
2024-07-29T14:51:54.124Z - info: 1. schedule/week2/admin
2024-07-29T14:51:55.143Z - info: No pages needed to be rebuilt
2024-07-29T14:52:57.518Z - info: Website generation (lazy) started at 10:52:38 pm
2024-07-29T14:53:11.986Z - warn: ENOENT: no such file or directory, open 'C:\repos\nus-cs2103\cs2103-website-base\cache\gh-pages\https!github.com!nus-cs2103-AY2425S1!website.git\book\_markbind\variables.md'
2024-07-29T14:53:11.988Z - warn: ENOENT: no such file or directory, open 'C:\repos\nus-cs2103\cs2103-website-base\cache\gh-pages\https!github.com!nus-cs2103-AY2425S1!website.git\_markbind\variables.md'
2024-07-29T14:53:12.065Z - info: Building assets...
2024-07-29T14:54:05.686Z - info: Assets built
2024-07-29T14:54:05.687Z - info: Generating landing page...
2024-07-29T14:54:06.521Z - info: Landing page built, other pages will be built as you navigate to them!
2024-07-29T14:54:07.769Z - info: Site data built
2024-07-29T14:54:07.769Z - info: Website generation (lazy) complete! Total build time: 89.636s
2024-07-29T14:54:07.843Z - info: Serving "C:\repos\nus-cs2103\cs2103-website-base\_site" at http://127.0.0.1:8080
2024-07-29T14:54:07.844Z - info: Press CTRL+C to stop ...
2024-07-29T15:15:51.048Z - info: Building C:\repos\nus-cs2103\cs2103-website-base\schedule\week2\admin as some of its dependencies were changed since the last visit
2024-07-29T15:15:52.313Z - info: Site data built
2024-07-29T15:15:52.314Z - info: Lazy website regeneration complete! Total build time: 1.265s
2024-07-29T15:16:14.455Z - info: [11:16:14 pm] Reload for file change: C:\repos\nus-cs2103\cs2103-website-base\admin\appendixC-faq.md
2024-07-29T15:16:14.455Z - info: Synchronizing opened pages list before reload
2024-07-29T15:16:14.456Z - info: Current opened pages, from most-to-least recent:
2024-07-29T15:16:14.456Z - info: 1. schedule/week2/admin
2024-07-29T15:16:15.461Z - info: Rebuilding 1 pages
2024-07-29T15:16:16.168Z - info: Site data built
2024-07-29T15:16:16.168Z - info: Pages rebuilt
2024-07-29T15:16:16.168Z - info: Website regeneration complete! Total build time: 0.708s
2024-07-29T15:16:23.247Z - info: Building C:\repos\nus-cs2103\cs2103-website-base\admin\appendixC-faq as some of its dependencies were changed since the last visit
2024-07-29T15:16:23.562Z - info: Site data built
2024-07-29T15:16:23.562Z - info: Lazy website regeneration complete! Total build time: 0.316s
2024-07-29T15:24:47.088Z - info: [11:24:47 pm] Reload for file change: C:\repos\nus-cs2103\cs2103-website-base\admin\appendixC-faq.md
2024-07-29T15:24:47.088Z - info: Synchronizing opened pages list before reload
2024-07-29T15:24:47.089Z - info: Current opened pages, from most-to-least recent:
2024-07-29T15:24:47.089Z - info: 1. admin/appendixC-faq
2024-07-29T15:24:47.090Z - info: 2. schedule/week2/admin
2024-07-29T15:24:48.101Z - info: Rebuilding 2 pages
2024-07-29T15:24:49.378Z - info: Site data built
2024-07-29T15:24:49.379Z - info: Pages rebuilt
2024-07-29T15:24:49.380Z - info: Website regeneration complete! Total build time: 1.279s
