2024-10-22T15:04:25.108Z - info: Website generation started at 11:04:11 pm
2024-10-22T15:04:30.300Z - info: Building assets...
2024-10-22T15:04:35.761Z - info: Assets built
2024-10-22T15:04:35.762Z - info: Generating pages...
2024-10-22T15:04:57.328Z - debug:  
2024-10-22T15:04:57.329Z - debug:  
2024-10-22T15:04:57.330Z - debug:  
2024-10-22T15:04:57.331Z - debug:  
2024-10-22T15:04:57.332Z - debug:  
2024-10-22T15:04:57.333Z - debug:  
2024-10-22T15:04:57.333Z - debug:  
2024-10-22T15:04:57.333Z - debug:  
2024-10-22T15:04:57.334Z - debug:  
2024-10-22T15:04:57.334Z - debug:  
2024-10-22T15:04:57.335Z - debug:  
2024-10-22T15:04:57.335Z - debug:  
2024-10-22T15:04:57.335Z - debug:  
2024-10-22T15:04:57.335Z - debug:  
2024-10-22T15:04:57.335Z - debug:  
2024-10-22T15:04:59.765Z - debug:  
2024-10-22T15:05:05.301Z - debug:  
2024-10-22T15:07:09.064Z - error: Invalid HTML in D:\AkshayNarayan\Teaching\CS2113\_AY2425Sem1\ay2425s1-website\schedule\week11\tutorial.md.
Table must have a tbody tag. Please correct this to avoid Vue hydration issues.

2024-10-22T15:07:52.925Z - error: Invalid HTML in D:\AkshayNarayan\Teaching\CS2113\_AY2425Sem1\ay2425s1-website\schedule\week11\project.md.
Table must have a tbody tag. Please correct this to avoid Vue hydration issues.

2024-10-22T15:08:15.042Z - debug:  
2024-10-22T15:08:31.356Z - error: Invalid HTML in D:\AkshayNarayan\Teaching\CS2113\_AY2425Sem1\ay2425s1-website\admin\tp-w11.md.
Table must have a tbody tag. Please correct this to avoid Vue hydration issues.

2024-10-22T15:08:34.498Z - debug:  
2024-10-22T15:08:34.517Z - debug:  
2024-10-22T15:08:47.526Z - info: Pages built
2024-10-22T15:08:49.416Z - info: Site data built
2024-10-22T15:08:49.417Z - info: Website generation complete! Total build time: 277.536s
2024-10-22T15:08:49.418Z - info: Build success!
2024-10-22T15:16:10.654Z - info: The website has been deployed at: https://nus-cs2113-ay2425s1.github.io/website
