2024-08-15T23:16:37.097Z - info: Website generation (lazy) started at 7:16:26 am
2024-08-15T23:16:46.230Z - warn: ENOENT: no such file or directory, open 'D:\AkshayNarayan\Teaching\CS2113\_AY2425Sem1\ay2425s1-website\cache\gh-pages\https!github.com!nus-cs2113-AY2425S1!website.git\book\_markbind\variables.md'
2024-08-15T23:16:46.232Z - warn: ENOENT: no such file or directory, open 'D:\AkshayNarayan\Teaching\CS2113\_AY2425Sem1\ay2425s1-website\cache\gh-pages\https!github.com!nus-cs2113-AY2425S1!website.git\_markbind\variables.md'
2024-08-15T23:16:46.278Z - info: Building assets...
2024-08-15T23:17:31.114Z - info: Assets built
2024-08-15T23:17:31.117Z - info: Generating landing page...
2024-08-15T23:17:32.414Z - info: Landing page built, other pages will be built as you navigate to them!
2024-08-15T23:17:33.834Z - info: Site data built
2024-08-15T23:17:33.835Z - info: Website generation (lazy) complete! Total build time: 67.79s
2024-08-15T23:17:34.074Z - info: Serving "D:\AkshayNarayan\Teaching\CS2113\_AY2425Sem1\ay2425s1-website\_site" at http://127.0.0.1:8080
2024-08-15T23:17:34.075Z - info: Press CTRL+C to stop ...
2024-08-15T23:18:56.869Z - info: Building D:\AkshayNarayan\Teaching\CS2113\_AY2425Sem1\ay2425s1-website\schedule\week2\admin as some of its dependencies were changed since the last visit
2024-08-15T23:18:57.939Z - info: Site data built
2024-08-15T23:18:57.940Z - info: Lazy website regeneration complete! Total build time: 1.073s
2024-08-15T23:20:58.569Z - info: Building D:\AkshayNarayan\Teaching\CS2113\_AY2425Sem1\ay2425s1-website\schedule\week2\topics as some of its dependencies were changed since the last visit
2024-08-15T23:21:03.370Z - info: Site data built
2024-08-15T23:21:03.372Z - info: Lazy website regeneration complete! Total build time: 4.803s
2024-08-15T23:21:37.344Z - info: Building D:\AkshayNarayan\Teaching\CS2113\_AY2425Sem1\ay2425s1-website\schedule\week2\project as some of its dependencies were changed since the last visit
2024-08-15T23:21:39.386Z - info: Site data built
2024-08-15T23:21:39.387Z - info: Lazy website regeneration complete! Total build time: 2.042s
2024-08-15T23:23:52.657Z - info: Building D:\AkshayNarayan\Teaching\CS2113\_AY2425Sem1\ay2425s1-website\schedule\week2\tutorial as some of its dependencies were changed since the last visit
2024-08-15T23:23:52.947Z - info: Site data built
2024-08-15T23:23:52.947Z - info: Lazy website regeneration complete! Total build time: 0.291s
2024-08-15T23:25:11.912Z - info: Website generation started at 7:24:48 am
2024-08-15T23:25:17.591Z - info: Building assets...
