2024-10-01T00:31:06.526Z - info: Website generation (lazy) started at 8:30:51 am
2024-10-01T00:31:13.355Z - warn: ENOENT: no such file or directory, open 'D:\AkshayNarayan\Teaching\CS2113\_AY2425Sem1\ay2425s1-website\cache\gh-pages\https!github.com!nus-cs2113-AY2425S1!website.git\book\_markbind\variables.md'
2024-10-01T00:31:13.358Z - warn: ENOENT: no such file or directory, open 'D:\AkshayNarayan\Teaching\CS2113\_AY2425Sem1\ay2425s1-website\cache\gh-pages\https!github.com!nus-cs2113-AY2425S1!website.git\_markbind\variables.md'
2024-10-01T00:31:13.425Z - info: Building assets...
2024-10-01T00:31:57.809Z - info: Assets built
2024-10-01T00:31:57.811Z - info: Generating landing page...
2024-10-01T00:31:59.734Z - info: Landing page built, other pages will be built as you navigate to them!
2024-10-01T00:32:01.327Z - info: Site data built
2024-10-01T00:32:01.328Z - info: Website generation (lazy) complete! Total build time: 70.157s
2024-10-01T00:32:01.533Z - info: Serving "D:\AkshayNarayan\Teaching\CS2113\_AY2425Sem1\ay2425s1-website\_site" at http://127.0.0.1:8080
2024-10-01T00:32:01.534Z - info: Press CTRL+C to stop ...
2024-10-01T00:33:58.486Z - info: Website generation started at 8:33:30 am
2024-10-01T00:34:04.684Z - info: Building assets...
2024-10-01T00:34:09.211Z - info: Assets built
2024-10-01T00:34:09.212Z - info: Generating pages...
2024-10-01T00:34:20.811Z - debug:  
2024-10-01T00:34:21.061Z - debug:  
2024-10-01T00:34:21.062Z - debug:  
2024-10-01T00:34:21.062Z - debug:  
2024-10-01T00:34:21.063Z - debug:  
2024-10-01T00:34:21.069Z - debug:  
2024-10-01T00:34:21.069Z - debug:  
2024-10-01T00:34:21.069Z - debug:  
2024-10-01T00:34:21.069Z - debug:  
2024-10-01T00:34:21.072Z - debug:  
2024-10-01T00:34:21.072Z - debug:  
2024-10-01T00:34:21.073Z - debug:  
2024-10-01T00:34:21.073Z - debug:  
2024-10-01T00:34:21.080Z - debug:  
2024-10-01T00:34:21.081Z - debug:  
2024-10-01T00:34:22.502Z - debug:  
2024-10-01T00:34:26.410Z - debug:  
2024-10-01T00:35:53.818Z - error: Invalid HTML in D:\AkshayNarayan\Teaching\CS2113\_AY2425Sem1\ay2425s1-website\schedule\week11\tutorial.md.
Table must have a tbody tag. Please correct this to avoid Vue hydration issues.

2024-10-01T00:36:26.202Z - error: Invalid HTML in D:\AkshayNarayan\Teaching\CS2113\_AY2425Sem1\ay2425s1-website\schedule\week11\project.md.
Table must have a tbody tag. Please correct this to avoid Vue hydration issues.

2024-10-01T00:36:37.427Z - debug:  
2024-10-01T00:36:54.009Z - error: Invalid HTML in D:\AkshayNarayan\Teaching\CS2113\_AY2425Sem1\ay2425s1-website\admin\tp-w11.md.
Table must have a tbody tag. Please correct this to avoid Vue hydration issues.

2024-10-01T00:36:56.861Z - debug:  
2024-10-01T00:36:56.886Z - debug:  
2024-10-01T00:37:07.629Z - info: Pages built
2024-10-01T00:37:09.139Z - info: Site data built
2024-10-01T00:37:09.140Z - info: Website generation complete! Total build time: 218.791s
2024-10-01T00:37:09.140Z - info: Build success!
2024-10-01T00:49:50.511Z - info: The website has been deployed at: https://nus-cs2113-ay2425s1.github.io/website
