2024-08-23T15:07:24.483Z - info: Website generation started at 11:07:13 pm
2024-08-23T15:07:28.650Z - info: Building assets...
2024-08-23T15:07:31.230Z - info: Assets built
2024-08-23T15:07:31.231Z - info: Generating pages...
2024-08-23T15:07:41.790Z - debug:  
2024-08-23T15:07:41.791Z - debug:  
2024-08-23T15:07:41.792Z - debug:  
2024-08-23T15:07:42.119Z - debug:  
2024-08-23T15:07:42.208Z - debug:  
2024-08-23T15:07:42.208Z - debug:  
2024-08-23T15:07:42.209Z - debug:  
2024-08-23T15:07:42.209Z - debug:  
2024-08-23T15:07:42.210Z - debug:  
2024-08-23T15:07:42.210Z - debug:  
2024-08-23T15:07:43.613Z - debug:  
2024-08-23T15:07:43.613Z - debug:  
2024-08-23T15:07:43.613Z - debug:  
2024-08-23T15:07:43.614Z - debug:  
2024-08-23T15:07:43.614Z - debug:  
2024-08-23T15:07:43.727Z - debug:  
2024-08-23T15:07:47.552Z - debug:  
2024-08-23T15:09:10.940Z - error: Invalid HTML in D:\AkshayNarayan\Teaching\CS2113\_AY2425Sem1\ay2425s1-website\schedule\week4\tutorial.md.
Table must have a tbody tag. Please correct this to avoid Vue hydration issues.

2024-08-23T15:09:10.942Z - error: Invalid HTML in D:\AkshayNarayan\Teaching\CS2113\_AY2425Sem1\ay2425s1-website\schedule\week4\tutorial.md.
Table must have a tbody tag. Please correct this to avoid Vue hydration issues.

2024-08-23T15:09:11.891Z - error: Invalid HTML in D:\AkshayNarayan\Teaching\CS2113\_AY2425Sem1\ay2425s1-website\schedule\week11\tutorial.md.
Table must have a tbody tag. Please correct this to avoid Vue hydration issues.

2024-08-23T15:09:41.199Z - error: Invalid HTML in D:\AkshayNarayan\Teaching\CS2113\_AY2425Sem1\ay2425s1-website\schedule\week4\project.md.
Table must have a tbody tag. Please correct this to avoid Vue hydration issues.

2024-08-23T15:09:41.200Z - error: Invalid HTML in D:\AkshayNarayan\Teaching\CS2113\_AY2425Sem1\ay2425s1-website\schedule\week4\project.md.
Table must have a tbody tag. Please correct this to avoid Vue hydration issues.

2024-08-23T15:09:48.822Z - error: Invalid HTML in D:\AkshayNarayan\Teaching\CS2113\_AY2425Sem1\ay2425s1-website\schedule\week11\project.md.
Table must have a tbody tag. Please correct this to avoid Vue hydration issues.

2024-08-23T15:10:05.565Z - debug:  
2024-08-23T15:10:17.579Z - error: Invalid HTML in D:\AkshayNarayan\Teaching\CS2113\_AY2425Sem1\ay2425s1-website\admin\tp-w11.md.
Table must have a tbody tag. Please correct this to avoid Vue hydration issues.

2024-08-23T15:10:21.486Z - debug:  
2024-08-23T15:10:21.536Z - debug:  
2024-08-23T15:10:26.405Z - error: Invalid HTML in D:\AkshayNarayan\Teaching\CS2113\_AY2425Sem1\ay2425s1-website\admin\ip-w4.md.
Table must have a tbody tag. Please correct this to avoid Vue hydration issues.

2024-08-23T15:10:26.406Z - error: Invalid HTML in D:\AkshayNarayan\Teaching\CS2113\_AY2425Sem1\ay2425s1-website\admin\ip-w4.md.
Table must have a tbody tag. Please correct this to avoid Vue hydration issues.

2024-08-23T15:10:29.057Z - info: Pages built
2024-08-23T15:10:29.928Z - info: Site data built
2024-08-23T15:10:29.929Z - info: Website generation complete! Total build time: 196.784s
2024-08-23T15:10:29.929Z - info: Build success!
2024-08-23T15:11:40.279Z - info: The website has been deployed at: https://nus-cs2113-ay2425s1.github.io/website
2024-08-23T15:24:55.487Z - info: Website generation (lazy) started at 11:24:42 pm
2024-08-23T15:25:03.601Z - warn: ENOENT: no such file or directory, open 'D:\AkshayNarayan\Teaching\CS2113\_AY2425Sem1\ay2425s1-website\cache\gh-pages\https!github.com!nus-cs2113-AY2425S1!website.git\book\_markbind\variables.md'
2024-08-23T15:25:03.603Z - warn: ENOENT: no such file or directory, open 'D:\AkshayNarayan\Teaching\CS2113\_AY2425Sem1\ay2425s1-website\cache\gh-pages\https!github.com!nus-cs2113-AY2425S1!website.git\_markbind\variables.md'
2024-08-23T15:25:03.675Z - info: Building assets...
2024-08-23T15:25:18.727Z - info: Assets built
2024-08-23T15:25:18.728Z - info: Generating landing page...
2024-08-23T15:25:19.792Z - info: Landing page built, other pages will be built as you navigate to them!
2024-08-23T15:25:20.637Z - info: Site data built
2024-08-23T15:25:20.638Z - info: Website generation (lazy) complete! Total build time: 38.521s
2024-08-23T15:25:20.846Z - info: Serving "D:\AkshayNarayan\Teaching\CS2113\_AY2425Sem1\ay2425s1-website\_site" at http://127.0.0.1:8080
2024-08-23T15:25:20.846Z - info: Press CTRL+C to stop ...
