2024-10-28T00:18:27.915Z - info: Website generation started at 8:18:12 am
2024-10-28T00:18:32.740Z - info: Building assets...
2024-10-28T00:18:35.805Z - info: Assets built
2024-10-28T00:18:35.806Z - info: Generating pages...
2024-10-28T00:18:45.782Z - debug:  
2024-10-28T00:18:45.783Z - debug:  
2024-10-28T00:18:46.140Z - debug:  
2024-10-28T00:18:46.142Z - debug:  
2024-10-28T00:18:46.143Z - debug:  
2024-10-28T00:18:46.150Z - debug:  
2024-10-28T00:18:46.151Z - debug:  
2024-10-28T00:18:46.174Z - debug:  
2024-10-28T00:18:46.231Z - debug:  
2024-10-28T00:18:47.726Z - debug:  
2024-10-28T00:18:47.727Z - debug:  
2024-10-28T00:18:47.727Z - debug:  
2024-10-28T00:18:47.727Z - debug:  
2024-10-28T00:18:47.727Z - debug:  
2024-10-28T00:18:47.727Z - debug:  
2024-10-28T00:18:47.727Z - debug:  
2024-10-28T00:18:51.564Z - debug:  
2024-10-28T00:20:43.211Z - debug:  
2024-10-28T00:20:58.899Z - debug:  
2024-10-28T00:20:58.953Z - debug:  
2024-10-28T00:21:05.138Z - info: Pages built
2024-10-28T00:21:06.085Z - info: Site data built
2024-10-28T00:21:06.086Z - info: Website generation complete! Total build time: 173.208s
2024-10-28T00:21:06.087Z - info: Build success!
2024-10-28T00:21:43.982Z - error: uncaughtException:       0 [main] sh (51548) C:\Program Files\Git\usr\bin\sh.exe: *** fatal error - add_item ("\??\C:\Program Files\Git", "/", ...) failed, errno 1
Stack trace:
Frame         Function      Args
0007FFFFABC0  00021005FEBA (000210288F1A, 00021026AB81, 000000008000, 0007FFFF8B30) msys-2.0.dll+0x1FEBA
0007FFFFABC0  0002100467F9 (0007FFFFABF0, 0007FFFFABC0, 000000000000, 000000000000) msys-2.0.dll+0x67F9
0007FFFFABC0  000210046832 (0007FFFF9BC0, 000000000001, 000000008000, 000000000001) msys-2.0.dll+0x6832
0007FFFFABC0  00021007D04A (000700000000, 000000000000, 0007FFFFCC18, 0007FFFFCD30) msys-2.0.dll+0x3D04A
1DB28CF54CD909C  00021017F015 (000000000000, 000000000000, 000000000214, 000000000000) msys-2.0.dll+0x13F015
0007FFFFCD30  000210046E6A (000000000000, 000000000000, 000000000000, 000000000000) msys-2.0.dll+0x6E6A
000000000000  000210045AC3 (000000000000, 000000000000, 000000000000, 000000000000) msys-2.0.dll+0x5AC3
0007FFFFFFF0  000210045B74 (000000000000, 000000000000, 000000000000, 000000000000) msys-2.0.dll+0x5B74
End of stack trace
Loaded modules:
000100400000 sh.exe
7FFCA2F10000 ntdll.dll
7FFCA1060000 KERNEL32.DLL
7FFCA0220000 KERNELBASE.dll
7FFCA1760000 USER32.dll
7FFCA0950000 win32u.dll
7FFCA16D0000 GDI32.dll
7FFCA05E0000 gdi32full.dll
7FFCA07F0000 msvcp_win.dll
7FFCA0980000 ucrtbase.dll
000210040000 msys-2.0.dll
7FFCA2B50000 advapi32.dll
7FFCA0F50000 msvcrt.dll
7FFCA1560000 sechost.dll
7FFCA0AA0000 bcrypt.dll
7FFCA2A30000 RPCRT4.dll
7FFC9FA50000 CRYPTBASE.DLL
7FFCA0700000 bcryptPrimitives.dll
7FFCA2610000 IMM32.DLL
7FFC8AE30000 TmUmEvt64.dll
7FFCA12E0000 PSAPI.DLL
00006A050000 tmmon64.dll
7FFC73430000 TmUmSnsr64.dll
7FFC9F140000 kernel.appcore.dll
fatal: Could not read from remote repository.

Please make sure you have the correct access rights
and the repository exists.
 date=Mon Oct 28 2024 08:21:43 GMT+0800 (Singapore Standard Time), pid=37324, uid=null, gid=null, cwd=D:\AkshayNarayan\Teaching\CS2113\_AY2425Sem1\ay2425s1-website, execPath=C:\Program Files\nodejs\node.exe, version=v18.17.1, argv=[C:\Program Files\nodejs\node.exe, C:\Users\dcsaksh\AppData\Roaming\npm\node_modules\markbind-cli\index.js, deploy], rss=275374080, heapTotal=545173504, heapUsed=333983720, external=989792, arrayBuffers=43437, loadavg=[0, 0, 0], uptime=725300.812
ProcessError:       0 [main] sh (51548) C:\Program Files\Git\usr\bin\sh.exe: *** fatal error - add_item ("\??\C:\Program Files\Git", "/", ...) failed, errno 1
Stack trace:
Frame         Function      Args
0007FFFFABC0  00021005FEBA (000210288F1A, 00021026AB81, 000000008000, 0007FFFF8B30) msys-2.0.dll+0x1FEBA
0007FFFFABC0  0002100467F9 (0007FFFFABF0, 0007FFFFABC0, 000000000000, 000000000000) msys-2.0.dll+0x67F9
0007FFFFABC0  000210046832 (0007FFFF9BC0, 000000000001, 000000008000, 000000000001) msys-2.0.dll+0x6832
0007FFFFABC0  00021007D04A (000700000000, 000000000000, 0007FFFFCC18, 0007FFFFCD30) msys-2.0.dll+0x3D04A
1DB28CF54CD909C  00021017F015 (000000000000, 000000000000, 000000000214, 000000000000) msys-2.0.dll+0x13F015
0007FFFFCD30  000210046E6A (000000000000, 000000000000, 000000000000, 000000000000) msys-2.0.dll+0x6E6A
000000000000  000210045AC3 (000000000000, 000000000000, 000000000000, 000000000000) msys-2.0.dll+0x5AC3
0007FFFFFFF0  000210045B74 (000000000000, 000000000000, 000000000000, 000000000000) msys-2.0.dll+0x5B74
End of stack trace
Loaded modules:
000100400000 sh.exe
7FFCA2F10000 ntdll.dll
7FFCA1060000 KERNEL32.DLL
7FFCA0220000 KERNELBASE.dll
7FFCA1760000 USER32.dll
7FFCA0950000 win32u.dll
7FFCA16D0000 GDI32.dll
7FFCA05E0000 gdi32full.dll
7FFCA07F0000 msvcp_win.dll
7FFCA0980000 ucrtbase.dll
000210040000 msys-2.0.dll
7FFCA2B50000 advapi32.dll
7FFCA0F50000 msvcrt.dll
7FFCA1560000 sechost.dll
7FFCA0AA0000 bcrypt.dll
7FFCA2A30000 RPCRT4.dll
7FFC9FA50000 CRYPTBASE.DLL
7FFCA0700000 bcryptPrimitives.dll
7FFCA2610000 IMM32.DLL
7FFC8AE30000 TmUmEvt64.dll
7FFCA12E0000 PSAPI.DLL
00006A050000 tmmon64.dll
7FFC73430000 TmUmSnsr64.dll
7FFC9F140000 kernel.appcore.dll
fatal: Could not read from remote repository.

Please make sure you have the correct access rights
and the repository exists.

    at ChildProcess.<anonymous> (C:\Users\dcsaksh\AppData\Roaming\npm\node_modules\markbind-cli\node_modules\gh-pages\lib\git.js:42:16)
    at ChildProcess.emit (node:events:514:28)
    at maybeClose (node:internal/child_process:1091:16)
    at ChildProcess._handle.onexit (node:internal/child_process:302:5)
2024-10-28T00:33:01.966Z - info: Website generation started at 8:32:47 am
2024-10-28T00:33:06.354Z - info: Building assets...
2024-10-28T00:33:10.753Z - info: Assets built
2024-10-28T00:33:10.754Z - info: Generating pages...
2024-10-28T00:33:20.557Z - debug:  
2024-10-28T00:33:21.074Z - debug:  
2024-10-28T00:33:21.075Z - debug:  
2024-10-28T00:33:21.076Z - debug:  
2024-10-28T00:33:21.077Z - debug:  
2024-10-28T00:33:21.077Z - debug:  
2024-10-28T00:33:22.664Z - debug:  
2024-10-28T00:33:22.665Z - debug:  
2024-10-28T00:33:22.667Z - debug:  
2024-10-28T00:33:22.668Z - debug:  
2024-10-28T00:33:22.668Z - debug:  
2024-10-28T00:33:22.668Z - debug:  
2024-10-28T00:33:22.668Z - debug:  
2024-10-28T00:33:22.669Z - debug:  
2024-10-28T00:33:22.669Z - debug:  
2024-10-28T00:33:22.669Z - debug:  
2024-10-28T00:33:25.946Z - debug:  
2024-10-28T00:35:08.307Z - debug:  
2024-10-28T00:35:23.547Z - debug:  
2024-10-28T00:35:23.581Z - debug:  
2024-10-28T00:35:29.040Z - info: Pages built
2024-10-28T00:35:29.960Z - info: Site data built
2024-10-28T00:35:29.961Z - info: Website generation complete! Total build time: 162.531s
2024-10-28T00:35:29.961Z - info: Build success!
2024-10-28T00:51:49.322Z - info: The website has been deployed at: https://nus-cs2113-ay2425s1.github.io/website
